date_time, pid, event, elapsed_time, mem_used, max_mem_used, key, value
2022-10-10 17:52:12, 37334, start_block_data_read, , 56.7, 2711604, band, CLOUD
2022-10-10 17:52:16, 37334, end_block_data_read, 3.034, 89.6, 5727024, band, CLOUD
2022-10-10 17:52:16, 37334, start_block_data_process, 4.005e-05, 89.6, 5727024, band, CLOUD
2022-10-10 17:52:16, 37334, end_block_data_process, 0.001125, 89.7, 5727024, band, CLOUD
2022-10-10 17:52:16, 37334, start_block_data_process, 6.604e-05, 89.7, 5727024, cloud_mask, cloud_mask
2022-10-10 17:52:16, 37334, end_block_data_process, 0.005609, 89, 5727024, cloud_bit_mask, 0
2022-10-10 17:52:16, 37334, start_block_data_read, 0.001238, 89, 5727024, band, NDVI
2022-10-10 17:52:16, 37334, end_block_data_read, 0.09004, 90.5, 5727024, band, NDVI
2022-10-10 17:52:16, 37334, start_block_data_process, 3.695e-05, 90.5, 5727024, band, NDVI
2022-10-10 17:52:16, 37334, end_block_data_process, 0.003191, 90.5, 5727024, band, NDVI
2022-10-10 17:52:16, 37334, start_block_data_process, 7.606e-05, 90.5, 5727024, process, cloud-impute-filter
2022-10-10 17:52:17, 37334, end_block_data_process, 0.004728, 88, 5727024, band, NDVI
2022-10-10 17:52:17, 37334, start_block_data_read, 0.001415, 88, 5727024, band, EVI
2022-10-10 17:52:17, 37334, end_block_data_read, 0.0928, 89.3, 5727024, band, EVI
2022-10-10 17:52:17, 37334, start_block_data_process, 6.7e-05, 89.3, 5727024, band, EVI
2022-10-10 17:52:17, 37334, end_block_data_process, 0.002635, 89.3, 5727024, band, EVI
2022-10-10 17:52:17, 37334, start_block_data_process, 5.007e-05, 89.3, 5727024, process, cloud-impute-filter
2022-10-10 17:52:17, 37334, end_block_data_process, 0.003674, 89.3, 5727024, band, EVI
2022-10-10 17:52:17, 37334, start_block_data_classification, 0.003888, 88.8, 5727024, model, rfor_model
2022-10-10 17:52:18, 37334, end_block_data_classification, 0.1588, 87.1, 7278847, model, rfor_model
2022-10-10 17:52:18, 37334, start_block_data_save, 0.0003409, 87.1, 7278847, file, ./.sits/TERRA_MODIS_012010_2013-09-14_2014-08-29_probs_v1_block_1_1.tif
2022-10-10 17:52:18, 37334, end_block_data_save, 0.1001, 88.3, 7278847, file, ./.sits/TERRA_MODIS_012010_2013-09-14_2014-08-29_probs_v1_block_1_1.tif
2022-10-10 17:52:18, 37334, start_block_data_read, 0.1439, 90.1, 7278847, band, CLOUD
2022-10-10 17:52:18, 37334, end_block_data_read, 0.06035, 91.4, 7278847, band, CLOUD
2022-10-10 17:52:18, 37334, start_block_data_process, 3.6e-05, 91.4, 7278847, band, CLOUD
2022-10-10 17:52:18, 37334, end_block_data_process, 0.0002351, 91.4, 7278847, band, CLOUD
2022-10-10 17:52:19, 37334, start_block_data_process, 3.695e-05, 91.4, 7278847, cloud_mask, cloud_mask
2022-10-10 17:52:19, 37334, end_block_data_process, 0.004555, 90.8, 7278847, cloud_bit_mask, 0
2022-10-10 17:52:19, 37334, start_block_data_read, 0.001221, 90.8, 7278847, band, NDVI
2022-10-10 17:52:19, 37334, end_block_data_read, 0.07346, 92.1, 7278847, band, NDVI
2022-10-10 17:52:19, 37334, start_block_data_process, 4.005e-05, 92.1, 7278847, band, NDVI
2022-10-10 17:52:19, 37334, end_block_data_process, 0.002526, 92.1, 7278847, band, NDVI
2022-10-10 17:52:19, 37334, start_block_data_process, 5.007e-05, 92.1, 7278847, process, cloud-impute-filter
2022-10-10 17:52:19, 37334, end_block_data_process, 0.003773, 89.6, 7278847, band, NDVI
2022-10-10 17:52:19, 37334, start_block_data_read, 0.001077, 89.6, 7278847, band, EVI
2022-10-10 17:52:20, 37334, end_block_data_read, 0.1044, 90.9, 7278847, band, EVI
2022-10-10 17:52:20, 37334, start_block_data_process, 5.889e-05, 90.9, 7278847, band, EVI
2022-10-10 17:52:20, 37334, end_block_data_process, 0.004523, 90.9, 7278847, band, EVI
2022-10-10 17:52:20, 37334, start_block_data_process, 0.000375, 90.9, 7278847, process, cloud-impute-filter
2022-10-10 17:52:20, 37334, end_block_data_process, 0.003943, 90.9, 7278847, band, EVI
2022-10-10 17:52:20, 37334, start_block_data_classification, 0.002021, 90.3, 7278847, model, rfor_model
2022-10-10 17:52:20, 37334, end_block_data_classification, 0.06643, 88.1, 7278847, model, rfor_model
2022-10-10 17:52:21, 37334, start_block_data_save, 0.0001891, 88.1, 7278847, file, ./.sits/TERRA_MODIS_012010_2013-09-14_2014-08-29_probs_v1_block_17_1.tif
2022-10-10 17:52:21, 37334, end_block_data_save, 0.2089, 88.3, 7278847, file, ./.sits/TERRA_MODIS_012010_2013-09-14_2014-08-29_probs_v1_block_17_1.tif
2022-10-10 17:52:21, 37334, start_block_data_read, 0.2252, 90.1, 7278847, band, CLOUD
2022-10-10 17:52:21, 37334, end_block_data_read, 0.06613, 91.6, 7278847, band, CLOUD
2022-10-10 17:52:22, 37334, start_block_data_process, 6.7e-05, 91.5, 7278847, band, CLOUD
2022-10-10 17:52:22, 37334, end_block_data_process, 0.001026, 91.5, 7278847, band, CLOUD
2022-10-10 17:52:22, 37334, start_block_data_process, 7.391e-05, 91.5, 7278847, cloud_mask, cloud_mask
2022-10-10 17:52:22, 37334, end_block_data_process, 0.007438, 90.8, 7278847, cloud_bit_mask, 0
2022-10-10 17:52:22, 37334, start_block_data_read, 0.001159, 90.8, 7278847, band, NDVI
2022-10-10 17:52:22, 37334, end_block_data_read, 0.06426, 92.2, 7278847, band, NDVI
2022-10-10 17:52:22, 37334, start_block_data_process, 6.104e-05, 92.1, 7278847, band, NDVI
2022-10-10 17:52:22, 37334, end_block_data_process, 0.002804, 92.1, 7278847, band, NDVI
2022-10-10 17:52:23, 37334, start_block_data_process, 7.796e-05, 92.1, 7278847, process, cloud-impute-filter
2022-10-10 17:52:23, 37334, end_block_data_process, 0.006371, 89.6, 7278847, band, NDVI
2022-10-10 17:52:23, 37334, start_block_data_read, 0.001242, 89.6, 7278847, band, EVI
2022-10-10 17:52:23, 37334, end_block_data_read, 0.06752, 90.9, 7278847, band, EVI
2022-10-10 17:52:23, 37334, start_block_data_process, 4.292e-05, 90.9, 7278847, band, EVI
2022-10-10 17:52:23, 37334, end_block_data_process, 0.002164, 90.9, 7278847, band, EVI
2022-10-10 17:52:23, 37334, start_block_data_process, 5.412e-05, 90.9, 7278847, process, cloud-impute-filter
2022-10-10 17:52:23, 37334, end_block_data_process, 0.005242, 90.9, 7278847, band, EVI
2022-10-10 17:52:24, 37334, start_block_data_classification, 0.002366, 90.3, 7278847, model, rfor_model
2022-10-10 17:52:24, 37334, end_block_data_classification, 0.152, 88.2, 7278847, model, rfor_model
2022-10-10 17:52:24, 37334, start_block_data_save, 0.000679, 88.2, 7278847, file, ./.sits/TERRA_MODIS_012010_2013-09-14_2014-08-29_probs_v1_block_33_1.tif
2022-10-10 17:52:24, 37334, end_block_data_save, 0.08182, 88.3, 7278847, file, ./.sits/TERRA_MODIS_012010_2013-09-14_2014-08-29_probs_v1_block_33_1.tif
2022-10-10 17:52:24, 37334, start_block_data_read, 0.1412, 90.1, 7278847, band, CLOUD
2022-10-10 17:52:25, 37334, end_block_data_read, 0.07136, 91.6, 7278847, band, CLOUD
2022-10-10 17:52:25, 37334, start_block_data_process, 7.01e-05, 91.5, 7278847, band, CLOUD
2022-10-10 17:52:25, 37334, end_block_data_process, 0.0007589, 91.5, 7278847, band, CLOUD
2022-10-10 17:52:25, 37334, start_block_data_process, 4.101e-05, 91.5, 7278847, cloud_mask, cloud_mask
2022-10-10 17:52:25, 37334, end_block_data_process, 0.005021, 90.8, 7278847, cloud_bit_mask, 0
2022-10-10 17:52:25, 37334, start_block_data_read, 0.001112, 90.8, 7278847, band, NDVI
2022-10-10 17:52:25, 37334, end_block_data_read, 0.07794, 92.2, 7278847, band, NDVI
2022-10-10 17:52:26, 37334, start_block_data_process, 4.196e-05, 92.1, 7278847, band, NDVI
2022-10-10 17:52:26, 37334, end_block_data_process, 0.005643, 92.1, 7278847, band, NDVI
2022-10-10 17:52:26, 37334, start_block_data_process, 5.794e-05, 92.1, 7278847, process, cloud-impute-filter
2022-10-10 17:52:26, 37334, end_block_data_process, 0.003661, 89.6, 7278847, band, NDVI
2022-10-10 17:52:26, 37334, start_block_data_read, 0.001039, 89.6, 7278847, band, EVI
2022-10-10 17:52:26, 37334, end_block_data_read, 0.06393, 90.9, 7278847, band, EVI
2022-10-10 17:52:26, 37334, start_block_data_process, 4.196e-05, 90.9, 7278847, band, EVI
2022-10-10 17:52:26, 37334, end_block_data_process, 0.002131, 90.9, 7278847, band, EVI
2022-10-10 17:52:26, 37334, start_block_data_process, 5.317e-05, 90.9, 7278847, process, cloud-impute-filter
2022-10-10 17:52:27, 37334, end_block_data_process, 0.00379, 90.9, 7278847, band, EVI
2022-10-10 17:52:27, 37334, start_block_data_classification, 0.001872, 90.3, 7278847, model, rfor_model
2022-10-10 17:52:27, 37334, end_block_data_classification, 0.07396, 88.2, 7278847, model, rfor_model
2022-10-10 17:52:27, 37334, start_block_data_save, 0.0001738, 88.2, 7278847, file, ./.sits/TERRA_MODIS_012010_2013-09-14_2014-08-29_probs_v1_block_49_1.tif
2022-10-10 17:52:27, 37334, end_block_data_save, 0.07482, 88.3, 7278847, file, ./.sits/TERRA_MODIS_012010_2013-09-14_2014-08-29_probs_v1_block_49_1.tif
2022-10-10 17:52:27, 37334, start_block_data_read, 0.1305, 90.1, 7278847, band, CLOUD
2022-10-10 17:52:27, 37334, end_block_data_read, 0.06643, 91.6, 7278847, band, CLOUD
2022-10-10 17:52:28, 37334, start_block_data_process, 4.005e-05, 91.5, 7278847, band, CLOUD
2022-10-10 17:52:28, 37334, end_block_data_process, 0.0002089, 91.5, 7278847, band, CLOUD
2022-10-10 17:52:28, 37334, start_block_data_process, 3.791e-05, 91.5, 7278847, cloud_mask, cloud_mask
2022-10-10 17:52:28, 37334, end_block_data_process, 0.005645, 90.8, 7278847, cloud_bit_mask, 0
2022-10-10 17:52:28, 37334, start_block_data_read, 0.001094, 90.8, 7278847, band, NDVI
2022-10-10 17:52:28, 37334, end_block_data_read, 0.06252, 92.2, 7278847, band, NDVI
2022-10-10 17:52:28, 37334, start_block_data_process, 3.6e-05, 92.1, 7278847, band, NDVI
2022-10-10 17:52:28, 37334, end_block_data_process, 0.002072, 92.1, 7278847, band, NDVI
2022-10-10 17:52:28, 37334, start_block_data_process, 5.198e-05, 92.1, 7278847, process, cloud-impute-filter
2022-10-10 17:52:28, 37334, end_block_data_process, 0.003563, 89.6, 7278847, band, NDVI
2022-10-10 17:52:29, 37334, start_block_data_read, 0.001278, 89.6, 7278847, band, EVI
2022-10-10 17:52:29, 37334, end_block_data_read, 0.09569, 90.9, 7278847, band, EVI
2022-10-10 17:52:29, 37334, start_block_data_process, 4.101e-05, 90.9, 7278847, band, EVI
2022-10-10 17:52:29, 37334, end_block_data_process, 0.002097, 90.9, 7278847, band, EVI
2022-10-10 17:52:29, 37334, start_block_data_process, 8.702e-05, 90.9, 7278847, process, cloud-impute-filter
2022-10-10 17:52:29, 37334, end_block_data_process, 0.003472, 90.9, 7278847, band, EVI
2022-10-10 17:52:29, 37334, start_block_data_classification, 0.002228, 90.3, 7278847, model, rfor_model
2022-10-10 17:52:29, 37334, end_block_data_classification, 0.09566, 88.2, 7278847, model, rfor_model
2022-10-10 17:52:30, 37334, start_block_data_save, 0.0002379, 88.2, 7278847, file, ./.sits/TERRA_MODIS_012010_2013-09-14_2014-08-29_probs_v1_block_65_1.tif
2022-10-10 17:52:30, 37334, end_block_data_save, 0.07097, 88.3, 7278847, file, ./.sits/TERRA_MODIS_012010_2013-09-14_2014-08-29_probs_v1_block_65_1.tif
2022-10-10 17:52:30, 37334, start_block_data_read, 0.2097, 90.1, 7278847, band, CLOUD
2022-10-10 17:52:30, 37334, end_block_data_read, 0.06221, 91.6, 7278847, band, CLOUD
2022-10-10 17:52:30, 37334, start_block_data_process, 3.91e-05, 91.5, 7278847, band, CLOUD
2022-10-10 17:52:30, 37334, end_block_data_process, 0.0002332, 91.5, 7278847, band, CLOUD
2022-10-10 17:52:31, 37334, start_block_data_process, 4.101e-05, 91.5, 7278847, cloud_mask, cloud_mask
2022-10-10 17:52:31, 37334, end_block_data_process, 0.006958, 90.8, 7278847, cloud_bit_mask, 0
2022-10-10 17:52:31, 37334, start_block_data_read, 0.000952, 90.8, 7278847, band, NDVI
2022-10-10 17:52:31, 37334, end_block_data_read, 0.06488, 92.2, 7278847, band, NDVI
2022-10-10 17:52:31, 37334, start_block_data_process, 3.409e-05, 92.1, 7278847, band, NDVI
2022-10-10 17:52:31, 37334, end_block_data_process, 0.001797, 92.1, 7278847, band, NDVI
2022-10-10 17:52:31, 37334, start_block_data_process, 7.987e-05, 92.1, 7278847, process, cloud-impute-filter
2022-10-10 17:52:31, 37334, end_block_data_process, 0.003493, 89.6, 7278847, band, NDVI
2022-10-10 17:52:32, 37334, start_block_data_read, 0.0009809, 89.6, 7278847, band, EVI
2022-10-10 17:52:32, 37334, end_block_data_read, 0.0655, 90.9, 7278847, band, EVI
2022-10-10 17:52:32, 37334, start_block_data_process, 3.6e-05, 90.9, 7278847, band, EVI
2022-10-10 17:52:32, 37334, end_block_data_process, 0.002179, 90.9, 7278847, band, EVI
2022-10-10 17:52:32, 37334, start_block_data_process, 5.007e-05, 90.9, 7278847, process, cloud-impute-filter
2022-10-10 17:52:32, 37334, end_block_data_process, 0.0035, 90.9, 7278847, band, EVI
2022-10-10 17:52:32, 37334, start_block_data_classification, 0.002006, 90.3, 7278847, model, rfor_model
2022-10-10 17:52:32, 37334, end_block_data_classification, 0.07673, 88.2, 7278847, model, rfor_model
2022-10-10 17:52:32, 37334, start_block_data_save, 0.0005651, 88.2, 7278847, file, ./.sits/TERRA_MODIS_012010_2013-09-14_2014-08-29_probs_v1_block_81_1.tif
2022-10-10 17:52:33, 37334, end_block_data_save, 0.07173, 88.3, 7278847, file, ./.sits/TERRA_MODIS_012010_2013-09-14_2014-08-29_probs_v1_block_81_1.tif
2022-10-10 17:52:33, 37334, start_block_data_read, 0.1216, 90.1, 7278847, band, CLOUD
2022-10-10 17:52:33, 37334, end_block_data_read, 0.06594, 91.6, 7278847, band, CLOUD
2022-10-10 17:52:33, 37334, start_block_data_process, 3.91e-05, 91.5, 7278847, band, CLOUD
2022-10-10 17:52:33, 37334, end_block_data_process, 0.000232, 91.5, 7278847, band, CLOUD
2022-10-10 17:52:33, 37334, start_block_data_process, 4.292e-05, 91.5, 7278847, cloud_mask, cloud_mask
2022-10-10 17:52:33, 37334, end_block_data_process, 0.004403, 90.8, 7278847, cloud_bit_mask, 0
2022-10-10 17:52:33, 37334, start_block_data_read, 0.001033, 90.8, 7278847, band, NDVI
2022-10-10 17:52:34, 37334, end_block_data_read, 0.06034, 92.2, 7278847, band, NDVI
2022-10-10 17:52:34, 37334, start_block_data_process, 3.886e-05, 92.1, 7278847, band, NDVI
2022-10-10 17:52:34, 37334, end_block_data_process, 0.002136, 92.1, 7278847, band, NDVI
2022-10-10 17:52:34, 37334, start_block_data_process, 5.198e-05, 92.1, 7278847, process, cloud-impute-filter
2022-10-10 17:52:34, 37334, end_block_data_process, 0.003511, 89.6, 7278847, band, NDVI
2022-10-10 17:52:34, 37334, start_block_data_read, 0.001336, 89.6, 7278847, band, EVI
2022-10-10 17:52:34, 37334, end_block_data_read, 0.06276, 90.9, 7278847, band, EVI
2022-10-10 17:52:34, 37334, start_block_data_process, 3.719e-05, 90.9, 7278847, band, EVI
2022-10-10 17:52:34, 37334, end_block_data_process, 0.001833, 90.9, 7278847, band, EVI
2022-10-10 17:52:34, 37334, start_block_data_process, 5.817e-05, 90.9, 7278847, process, cloud-impute-filter
2022-10-10 17:52:35, 37334, end_block_data_process, 0.003453, 90.9, 7278847, band, EVI
2022-10-10 17:52:35, 37334, start_block_data_classification, 0.002408, 90.3, 7278847, model, rfor_model
2022-10-10 17:52:35, 37334, end_block_data_classification, 0.1398, 88.2, 7278847, model, rfor_model
2022-10-10 17:52:35, 37334, start_block_data_save, 0.0001729, 88.2, 7278847, file, ./.sits/TERRA_MODIS_012010_2013-09-14_2014-08-29_probs_v1_block_97_1.tif
2022-10-10 17:52:35, 37334, end_block_data_save, 0.08826, 88.3, 7278847, file, ./.sits/TERRA_MODIS_012010_2013-09-14_2014-08-29_probs_v1_block_97_1.tif
2022-10-10 17:52:36, 37334, start_block_data_read, 0.2114, 90.1, 7278847, band, CLOUD
2022-10-10 17:52:36, 37334, end_block_data_read, 0.07552, 91.6, 7278847, band, CLOUD
2022-10-10 17:52:36, 37334, start_block_data_process, 0.0003471, 91.5, 7278847, band, CLOUD
2022-10-10 17:52:36, 37334, end_block_data_process, 0.000448, 91.5, 7278847, band, CLOUD
2022-10-10 17:52:36, 37334, start_block_data_process, 4.792e-05, 91.5, 7278847, cloud_mask, cloud_mask
2022-10-10 17:52:36, 37334, end_block_data_process, 0.006488, 90.8, 7278847, cloud_bit_mask, 0
2022-10-10 17:52:37, 37334, start_block_data_read, 0.001016, 90.8, 7278847, band, NDVI
2022-10-10 17:52:37, 37334, end_block_data_read, 0.06516, 92.2, 7278847, band, NDVI
2022-10-10 17:52:37, 37334, start_block_data_process, 3.791e-05, 92.1, 7278847, band, NDVI
2022-10-10 17:52:37, 37334, end_block_data_process, 0.004802, 92.1, 7278847, band, NDVI
2022-10-10 17:52:37, 37334, start_block_data_process, 5.794e-05, 92.1, 7278847, process, cloud-impute-filter
2022-10-10 17:52:37, 37334, end_block_data_process, 0.003836, 89.6, 7278847, band, NDVI
2022-10-10 17:52:37, 37334, start_block_data_read, 0.002032, 89.6, 7278847, band, EVI
2022-10-10 17:52:37, 37334, end_block_data_read, 0.09945, 90.9, 7278847, band, EVI
2022-10-10 17:52:38, 37334, start_block_data_process, 6.795e-05, 90.9, 7278847, band, EVI
2022-10-10 17:52:38, 37334, end_block_data_process, 0.007101, 90.9, 7278847, band, EVI
2022-10-10 17:52:38, 37334, start_block_data_process, 0.00033, 90.9, 7278847, process, cloud-impute-filter
2022-10-10 17:52:38, 37334, end_block_data_process, 0.004792, 90.9, 7278847, band, EVI
2022-10-10 17:52:38, 37334, start_block_data_classification, 0.002372, 90.3, 7278847, model, rfor_model
2022-10-10 17:52:38, 37334, end_block_data_classification, 0.07371, 88.2, 7278847, model, rfor_model
2022-10-10 17:52:38, 37334, start_block_data_save, 0.0001771, 88.2, 7278847, file, ./.sits/TERRA_MODIS_012010_2013-09-14_2014-08-29_probs_v1_block_113_1.tif
2022-10-10 17:52:39, 37334, end_block_data_save, 0.07181, 88.3, 7278847, file, ./.sits/TERRA_MODIS_012010_2013-09-14_2014-08-29_probs_v1_block_113_1.tif
2022-10-10 17:52:39, 37334, start_block_data_read, 0.2039, 90.1, 7278847, band, CLOUD
2022-10-10 17:52:39, 37334, end_block_data_read, 0.06262, 91.6, 7278847, band, CLOUD
2022-10-10 17:52:39, 37334, start_block_data_process, 3.6e-05, 91.5, 7278847, band, CLOUD
2022-10-10 17:52:39, 37334, end_block_data_process, 0.00021, 91.5, 7278847, band, CLOUD
2022-10-10 17:52:39, 37334, start_block_data_process, 8.607e-05, 91.5, 7278847, cloud_mask, cloud_mask
2022-10-10 17:52:39, 37334, end_block_data_process, 0.005963, 90.8, 7278847, cloud_bit_mask, 0
2022-10-10 17:52:40, 37334, start_block_data_read, 0.0009739, 90.8, 7278847, band, NDVI
2022-10-10 17:52:40, 37334, end_block_data_read, 0.06368, 92.2, 7278847, band, NDVI
2022-10-10 17:52:40, 37334, start_block_data_process, 8.893e-05, 92.1, 7278847, band, NDVI
2022-10-10 17:52:40, 37334, end_block_data_process, 0.005784, 92.1, 7278847, band, NDVI
2022-10-10 17:52:40, 37334, start_block_data_process, 0.00014, 92.1, 7278847, process, cloud-impute-filter
2022-10-10 17:52:40, 37334, end_block_data_process, 0.006758, 89.6, 7278847, band, NDVI
2022-10-10 17:52:40, 37334, start_block_data_read, 0.001613, 89.6, 7278847, band, EVI
2022-10-10 17:52:41, 37334, end_block_data_read, 0.1088, 90.9, 7278847, band, EVI
2022-10-10 17:52:41, 37334, start_block_data_process, 5.794e-05, 90.9, 7278847, band, EVI
2022-10-10 17:52:41, 37334, end_block_data_process, 0.003529, 90.9, 7278847, band, EVI
2022-10-10 17:52:41, 37334, start_block_data_process, 8.202e-05, 90.9, 7278847, process, cloud-impute-filter
2022-10-10 17:52:41, 37334, end_block_data_process, 0.004561, 90.9, 7278847, band, EVI
2022-10-10 17:52:41, 37334, start_block_data_classification, 0.005128, 90.3, 7278847, model, rfor_model
2022-10-10 17:52:42, 37334, end_block_data_classification, 0.151, 88.2, 7278847, model, rfor_model
2022-10-10 17:52:42, 37334, start_block_data_save, 0.0002341, 88.2, 7278847, file, ./.sits/TERRA_MODIS_012010_2013-09-14_2014-08-29_probs_v1_block_129_1.tif
2022-10-10 17:52:42, 37334, end_block_data_save, 0.07713, 88.3, 7278847, file, ./.sits/TERRA_MODIS_012010_2013-09-14_2014-08-29_probs_v1_block_129_1.tif
2022-10-10 17:52:42, 37334, start_block_data_read, 0.2268, 90.1, 7278847, band, CLOUD
2022-10-10 17:52:43, 37334, end_block_data_read, 0.06264, 91.6, 7278847, band, CLOUD
2022-10-10 17:52:43, 37334, start_block_data_process, 6.89e-05, 91.5, 7278847, band, CLOUD
2022-10-10 17:52:43, 37334, end_block_data_process, 0.000536, 91.5, 7278847, band, CLOUD
2022-10-10 17:52:43, 37334, start_block_data_process, 4.506e-05, 91.5, 7278847, cloud_mask, cloud_mask
2022-10-10 17:52:43, 37334, end_block_data_process, 0.006987, 90.8, 7278847, cloud_bit_mask, 0
2022-10-10 17:52:43, 37334, start_block_data_read, 0.001218, 90.8, 7278847, band, NDVI
2022-10-10 17:52:43, 37334, end_block_data_read, 0.06617, 92.2, 7278847, band, NDVI
2022-10-10 17:52:43, 37334, start_block_data_process, 3.695e-05, 92.1, 7278847, band, NDVI
2022-10-10 17:52:43, 37334, end_block_data_process, 0.002932, 92.1, 7278847, band, NDVI
2022-10-10 17:52:44, 37334, start_block_data_process, 5.507e-05, 92.1, 7278847, process, cloud-impute-filter
2022-10-10 17:52:44, 37334, end_block_data_process, 0.004131, 89.6, 7278847, band, NDVI
2022-10-10 17:52:44, 37334, start_block_data_read, 0.0009789, 89.6, 7278847, band, EVI
2022-10-10 17:52:44, 37334, end_block_data_read, 0.06772, 90.9, 7278847, band, EVI
2022-10-10 17:52:44, 37334, start_block_data_process, 3.505e-05, 90.9, 7278847, band, EVI
2022-10-10 17:52:44, 37334, end_block_data_process, 0.001921, 90.9, 7278847, band, EVI
2022-10-10 17:52:44, 37334, start_block_data_process, 8.893e-05, 90.9, 7278847, process, cloud-impute-filter
2022-10-10 17:52:44, 37334, end_block_data_process, 0.005068, 90.9, 7278847, band, EVI
2022-10-10 17:52:44, 37334, start_block_data_classification, 0.002513, 90.3, 7278847, model, rfor_model
2022-10-10 17:52:45, 37334, end_block_data_classification, 0.08538, 88.2, 7278847, model, rfor_model
2022-10-10 17:52:45, 37334, start_block_data_save, 0.0001669, 88.2, 7278847, file, ./.sits/TERRA_MODIS_012010_2013-09-14_2014-08-29_probs_v1_block_145_1.tif
2022-10-10 17:52:45, 37334, end_block_data_save, 0.08606, 88.3, 7278847, file, ./.sits/TERRA_MODIS_012010_2013-09-14_2014-08-29_probs_v1_block_145_1.tif
2022-10-10 17:52:45, 37334, start_block_data_read, 0.1877, 90.1, 7278847, band, CLOUD
2022-10-10 17:52:45, 37334, end_block_data_read, 0.06453, 91.6, 7278847, band, CLOUD
2022-10-10 17:52:45, 37334, start_block_data_process, 9.203e-05, 91.5, 7278847, band, CLOUD
2022-10-10 17:52:45, 37334, end_block_data_process, 0.0002642, 91.5, 7278847, band, CLOUD
2022-10-10 17:52:46, 37334, start_block_data_process, 9.084e-05, 91.5, 7278847, cloud_mask, cloud_mask
2022-10-10 17:52:46, 37334, end_block_data_process, 0.00466, 90.8, 7278847, cloud_bit_mask, 0
2022-10-10 17:52:46, 37334, start_block_data_read, 0.001233, 90.8, 7278847, band, NDVI
2022-10-10 17:52:46, 37334, end_block_data_read, 0.06672, 92.2, 7278847, band, NDVI
2022-10-10 17:52:46, 37334, start_block_data_process, 3.6e-05, 92.1, 7278847, band, NDVI
2022-10-10 17:52:46, 37334, end_block_data_process, 0.002964, 92.1, 7278847, band, NDVI
2022-10-10 17:52:46, 37334, start_block_data_process, 5.198e-05, 92.1, 7278847, process, cloud-impute-filter
2022-10-10 17:52:46, 37334, end_block_data_process, 0.003663, 89.6, 7278847, band, NDVI
2022-10-10 17:52:46, 37334, start_block_data_read, 0.0009649, 89.6, 7278847, band, EVI
2022-10-10 17:52:47, 37334, end_block_data_read, 0.06013, 90.9, 7278847, band, EVI
2022-10-10 17:52:47, 37334, start_block_data_process, 4.292e-05, 90.9, 7278847, band, EVI
2022-10-10 17:52:47, 37334, end_block_data_process, 0.002026, 90.9, 7278847, band, EVI
2022-10-10 17:52:47, 37334, start_block_data_process, 5.198e-05, 90.9, 7278847, process, cloud-impute-filter
2022-10-10 17:52:47, 37334, end_block_data_process, 0.003862, 90.9, 7278847, band, EVI
2022-10-10 17:52:47, 37334, start_block_data_classification, 0.001775, 90.3, 7278847, model, rfor_model
2022-10-10 17:52:47, 37334, end_block_data_classification, 0.05815, 88.2, 7278847, model, rfor_model
2022-10-10 17:52:47, 37334, start_block_data_save, 0.0002022, 88.2, 7278847, file, ./.sits/TERRA_MODIS_012010_2013-09-14_2014-08-29_probs_v1_block_161_1.tif
2022-10-10 17:52:47, 37334, end_block_data_save, 0.06712, 88.3, 7278847, file, ./.sits/TERRA_MODIS_012010_2013-09-14_2014-08-29_probs_v1_block_161_1.tif
2022-10-10 17:52:48, 37334, start_block_data_read, 0.1319, 90.1, 7278847, band, CLOUD
2022-10-10 17:52:48, 37334, end_block_data_read, 0.06382, 91.6, 7278847, band, CLOUD
2022-10-10 17:52:48, 37334, start_block_data_process, 3.29e-05, 91.5, 7278847, band, CLOUD
2022-10-10 17:52:48, 37334, end_block_data_process, 0.0002019, 91.5, 7278847, band, CLOUD
2022-10-10 17:52:48, 37334, start_block_data_process, 3.695e-05, 91.5, 7278847, cloud_mask, cloud_mask
2022-10-10 17:52:48, 37334, end_block_data_process, 0.004605, 90.8, 7278847, cloud_bit_mask, 0
2022-10-10 17:52:48, 37334, start_block_data_read, 0.0009439, 90.8, 7278847, band, NDVI
2022-10-10 17:52:48, 37334, end_block_data_read, 0.05436, 92.2, 7278847, band, NDVI
2022-10-10 17:52:48, 37334, start_block_data_process, 4.101e-05, 92.1, 7278847, band, NDVI
2022-10-10 17:52:49, 37334, end_block_data_process, 0.001745, 92.1, 7278847, band, NDVI
2022-10-10 17:52:49, 37334, start_block_data_process, 5.102e-05, 92.1, 7278847, process, cloud-impute-filter
2022-10-10 17:52:49, 37334, end_block_data_process, 0.003726, 89.6, 7278847, band, NDVI
2022-10-10 17:52:49, 37334, start_block_data_read, 0.000777, 89.6, 7278847, band, EVI
2022-10-10 17:52:49, 37334, end_block_data_read, 0.05751, 90.9, 7278847, band, EVI
2022-10-10 17:52:49, 37334, start_block_data_process, 4.22e-05, 90.9, 7278847, band, EVI
2022-10-10 17:52:49, 37334, end_block_data_process, 0.004449, 90.9, 7278847, band, EVI
2022-10-10 17:52:49, 37334, start_block_data_process, 0.000577, 90.9, 7278847, process, cloud-impute-filter
2022-10-10 17:52:50, 37334, end_block_data_process, 0.004909, 90.9, 7278847, band, EVI
2022-10-10 17:52:50, 37334, start_block_data_classification, 0.001833, 90.3, 7278847, model, rfor_model
2022-10-10 17:52:50, 37334, end_block_data_classification, 0.06123, 88.2, 7278847, model, rfor_model
2022-10-10 17:52:50, 37334, start_block_data_save, 0.000212, 88.2, 7278847, file, ./.sits/TERRA_MODIS_012010_2013-09-14_2014-08-29_probs_v1_block_177_1.tif
2022-10-10 17:52:50, 37334, end_block_data_save, 0.06936, 88.3, 7278847, file, ./.sits/TERRA_MODIS_012010_2013-09-14_2014-08-29_probs_v1_block_177_1.tif
2022-10-10 17:52:50, 37334, start_block_data_read, 0.1687, 90.1, 7278847, band, CLOUD
2022-10-10 17:52:50, 37334, end_block_data_read, 0.05725, 91.6, 7278847, band, CLOUD
2022-10-10 17:52:51, 37334, start_block_data_process, 6.104e-05, 91.5, 7278847, band, CLOUD
2022-10-10 17:52:51, 37334, end_block_data_process, 0.000263, 91.5, 7278847, band, CLOUD
2022-10-10 17:52:51, 37334, start_block_data_process, 3.6e-05, 91.5, 7278847, cloud_mask, cloud_mask
2022-10-10 17:52:51, 37334, end_block_data_process, 0.004482, 90.8, 7278847, cloud_bit_mask, 0
2022-10-10 17:52:51, 37334, start_block_data_read, 0.001005, 90.8, 7278847, band, NDVI
2022-10-10 17:52:51, 37334, end_block_data_read, 0.06425, 92.2, 7278847, band, NDVI
2022-10-10 17:52:51, 37334, start_block_data_process, 4.101e-05, 92.1, 7278847, band, NDVI
2022-10-10 17:52:51, 37334, end_block_data_process, 0.00183, 92.1, 7278847, band, NDVI
2022-10-10 17:52:51, 37334, start_block_data_process, 7.701e-05, 92.1, 7278847, process, cloud-impute-filter
2022-10-10 17:52:51, 37334, end_block_data_process, 0.003769, 89.6, 7278847, band, NDVI
2022-10-10 17:52:52, 37334, start_block_data_read, 0.001511, 89.6, 7278847, band, EVI
2022-10-10 17:52:52, 37334, end_block_data_read, 0.1005, 90.9, 7278847, band, EVI
2022-10-10 17:52:52, 37334, start_block_data_process, 6.7e-05, 90.9, 7278847, band, EVI
2022-10-10 17:52:52, 37334, end_block_data_process, 0.004023, 90.9, 7278847, band, EVI
2022-10-10 17:52:52, 37334, start_block_data_process, 0.0001101, 90.9, 7278847, process, cloud-impute-filter
2022-10-10 17:52:52, 37334, end_block_data_process, 0.0042, 90.9, 7278847, band, EVI
2022-10-10 17:52:53, 37334, start_block_data_classification, 0.002076, 90.3, 7278847, model, rfor_model
2022-10-10 17:52:53, 37334, end_block_data_classification, 0.07576, 88.2, 7278847, model, rfor_model
2022-10-10 17:52:53, 37334, start_block_data_save, 0.0001988, 88.2, 7278847, file, ./.sits/TERRA_MODIS_012010_2013-09-14_2014-08-29_probs_v1_block_193_1.tif
2022-10-10 17:52:53, 37334, end_block_data_save, 0.07185, 88.3, 7278847, file, ./.sits/TERRA_MODIS_012010_2013-09-14_2014-08-29_probs_v1_block_193_1.tif
2022-10-10 17:52:53, 37334, start_block_data_read, 0.1606, 90.1, 7278847, band, CLOUD
2022-10-10 17:52:54, 37334, end_block_data_read, 0.09083, 91.6, 7278847, band, CLOUD
2022-10-10 17:52:54, 37334, start_block_data_process, 5.198e-05, 91.5, 7278847, band, CLOUD
2022-10-10 17:52:54, 37334, end_block_data_process, 0.0002859, 91.5, 7278847, band, CLOUD
2022-10-10 17:52:54, 37334, start_block_data_process, 0.0001121, 91.5, 7278847, cloud_mask, cloud_mask
2022-10-10 17:52:54, 37334, end_block_data_process, 0.004955, 90.8, 7278847, cloud_bit_mask, 0
2022-10-10 17:52:54, 37334, start_block_data_read, 0.000973, 90.8, 7278847, band, NDVI
2022-10-10 17:52:54, 37334, end_block_data_read, 0.05776, 92.2, 7278847, band, NDVI
2022-10-10 17:52:54, 37334, start_block_data_process, 3.6e-05, 92.1, 7278847, band, NDVI
2022-10-10 17:52:55, 37334, end_block_data_process, 0.001828, 92.1, 7278847, band, NDVI
2022-10-10 17:52:55, 37334, start_block_data_process, 5.102e-05, 92.1, 7278847, process, cloud-impute-filter
2022-10-10 17:52:55, 37334, end_block_data_process, 0.006749, 89.6, 7278847, band, NDVI
2022-10-10 17:52:55, 37334, start_block_data_read, 0.001599, 89.6, 7278847, band, EVI
2022-10-10 17:52:55, 37334, end_block_data_read, 0.06728, 90.9, 7278847, band, EVI
2022-10-10 17:52:55, 37334, start_block_data_process, 4.292e-05, 90.9, 7278847, band, EVI
2022-10-10 17:52:55, 37334, end_block_data_process, 0.001892, 90.9, 7278847, band, EVI
2022-10-10 17:52:55, 37334, start_block_data_process, 5.102e-05, 90.9, 7278847, process, cloud-impute-filter
2022-10-10 17:52:55, 37334, end_block_data_process, 0.003891, 90.9, 7278847, band, EVI
2022-10-10 17:52:55, 37334, start_block_data_classification, 0.001965, 90.3, 7278847, model, rfor_model
2022-10-10 17:52:56, 37334, end_block_data_classification, 0.07742, 88.2, 7278847, model, rfor_model
2022-10-10 17:52:56, 37334, start_block_data_save, 0.000185, 88.2, 7278847, file, ./.sits/TERRA_MODIS_012010_2013-09-14_2014-08-29_probs_v1_block_209_1.tif
2022-10-10 17:52:56, 37334, end_block_data_save, 0.06771, 88.3, 7278847, file, ./.sits/TERRA_MODIS_012010_2013-09-14_2014-08-29_probs_v1_block_209_1.tif
2022-10-10 17:52:56, 37334, start_block_data_read, 0.1891, 90.1, 7278847, band, CLOUD
2022-10-10 17:52:56, 37334, end_block_data_read, 0.0651, 91.6, 7278847, band, CLOUD
2022-10-10 17:52:56, 37334, start_block_data_process, 7.415e-05, 91.5, 7278847, band, CLOUD
2022-10-10 17:52:57, 37334, end_block_data_process, 0.000206, 91.5, 7278847, band, CLOUD
2022-10-10 17:52:57, 37334, start_block_data_process, 4.005e-05, 91.5, 7278847, cloud_mask, cloud_mask
2022-10-10 17:52:57, 37334, end_block_data_process, 0.004642, 90.8, 7278847, cloud_bit_mask, 0
2022-10-10 17:52:57, 37334, start_block_data_read, 0.003797, 90.8, 7278847, band, NDVI
2022-10-10 17:52:57, 37334, end_block_data_read, 0.07962, 92.2, 7278847, band, NDVI
2022-10-10 17:52:57, 37334, start_block_data_process, 3.505e-05, 92.1, 7278847, band, NDVI
2022-10-10 17:52:57, 37334, end_block_data_process, 0.002085, 92.1, 7278847, band, NDVI
2022-10-10 17:52:57, 37334, start_block_data_process, 5.102e-05, 92.1, 7278847, process, cloud-impute-filter
2022-10-10 17:52:57, 37334, end_block_data_process, 0.003514, 89.6, 7278847, band, NDVI
2022-10-10 17:52:58, 37334, start_block_data_read, 0.001057, 89.6, 7278847, band, EVI
2022-10-10 17:52:58, 37334, end_block_data_read, 0.1134, 90.9, 7278847, band, EVI
2022-10-10 17:52:58, 37334, start_block_data_process, 3.719e-05, 90.9, 7278847, band, EVI
2022-10-10 17:52:58, 37334, end_block_data_process, 0.00198, 90.9, 7278847, band, EVI
2022-10-10 17:52:58, 37334, start_block_data_process, 5.198e-05, 90.9, 7278847, process, cloud-impute-filter
2022-10-10 17:52:58, 37334, end_block_data_process, 0.003478, 90.9, 7278847, band, EVI
2022-10-10 17:52:58, 37334, start_block_data_classification, 0.002099, 90.3, 7278847, model, rfor_model
2022-10-10 17:52:58, 37334, end_block_data_classification, 0.06978, 88.2, 7278847, model, rfor_model
2022-10-10 17:52:58, 37334, start_block_data_save, 0.0001659, 88.2, 7278847, file, ./.sits/TERRA_MODIS_012010_2013-09-14_2014-08-29_probs_v1_block_225_1.tif
2022-10-10 17:52:59, 37334, end_block_data_save, 0.06587, 88.3, 7278847, file, ./.sits/TERRA_MODIS_012010_2013-09-14_2014-08-29_probs_v1_block_225_1.tif
2022-10-10 17:52:59, 37334, start_block_data_read, 0.141, 90.1, 7278847, band, CLOUD
2022-10-10 17:52:59, 37334, end_block_data_read, 0.05661, 91.6, 7278847, band, CLOUD
2022-10-10 17:52:59, 37334, start_block_data_process, 3.409e-05, 91.5, 7278847, band, CLOUD
2022-10-10 17:52:59, 37334, end_block_data_process, 0.0002279, 91.5, 7278847, band, CLOUD
2022-10-10 17:52:59, 37334, start_block_data_process, 3.6e-05, 91.5, 7278847, cloud_mask, cloud_mask
2022-10-10 17:52:59, 37334, end_block_data_process, 0.004249, 90.8, 7278847, cloud_bit_mask, 0
2022-10-10 17:52:59, 37334, start_block_data_read, 0.0009029, 90.8, 7278847, band, NDVI
2022-10-10 17:53:00, 37334, end_block_data_read, 0.05636, 92.2, 7278847, band, NDVI
2022-10-10 17:53:00, 37334, start_block_data_process, 4.196e-05, 92.1, 7278847, band, NDVI
2022-10-10 17:53:00, 37334, end_block_data_process, 0.002527, 92.1, 7278847, band, NDVI
2022-10-10 17:53:00, 37334, start_block_data_process, 5.102e-05, 92.1, 7278847, process, cloud-impute-filter
2022-10-10 17:53:00, 37334, end_block_data_process, 0.003735, 89.6, 7278847, band, NDVI
2022-10-10 17:53:00, 37334, start_block_data_read, 0.0007951, 89.6, 7278847, band, EVI
2022-10-10 17:53:00, 37334, end_block_data_read, 0.05436, 90.9, 7278847, band, EVI
2022-10-10 17:53:00, 37334, start_block_data_process, 5.412e-05, 90.9, 7278847, band, EVI
2022-10-10 17:53:00, 37334, end_block_data_process, 0.001963, 90.9, 7278847, band, EVI
2022-10-10 17:53:00, 37334, start_block_data_process, 5.293e-05, 90.9, 7278847, process, cloud-impute-filter
2022-10-10 17:53:01, 37334, end_block_data_process, 0.003203, 90.9, 7278847, band, EVI
2022-10-10 17:53:01, 37334, start_block_data_classification, 0.001724, 90.3, 7278847, model, rfor_model
2022-10-10 17:53:01, 37334, end_block_data_classification, 0.1016, 88.2, 7278847, model, rfor_model
2022-10-10 17:53:01, 37334, start_block_data_save, 0.0001869, 88.2, 7278847, file, ./.sits/TERRA_MODIS_012010_2013-09-14_2014-08-29_probs_v1_block_241_1.tif
2022-10-10 17:53:01, 37334, end_block_data_save, 0.06127, 88.3, 7278847, file, ./.sits/TERRA_MODIS_012010_2013-09-14_2014-08-29_probs_v1_block_241_1.tif
2022-10-10 17:53:01, 37334, start_block_data_read, 0.13, 90.1, 7278847, band, CLOUD
2022-10-10 17:53:01, 37334, end_block_data_read, 0.05434, 91.6, 7278847, band, CLOUD
2022-10-10 17:53:01, 37334, start_block_data_process, 3.386e-05, 91.5, 7278847, band, CLOUD
2022-10-10 17:53:02, 37334, end_block_data_process, 0.000205, 91.5, 7278847, band, CLOUD
2022-10-10 17:53:02, 37334, start_block_data_process, 3.505e-05, 91.5, 7278847, cloud_mask, cloud_mask
2022-10-10 17:53:02, 37334, end_block_data_process, 0.004225, 90.8, 7278847, cloud_bit_mask, 0
2022-10-10 17:53:02, 37334, start_block_data_read, 0.000895, 90.8, 7278847, band, NDVI
2022-10-10 17:53:02, 37334, end_block_data_read, 0.05955, 92.2, 7278847, band, NDVI
2022-10-10 17:53:02, 37334, start_block_data_process, 3.695e-05, 92.1, 7278847, band, NDVI
2022-10-10 17:53:02, 37334, end_block_data_process, 0.00206, 92.1, 7278847, band, NDVI
2022-10-10 17:53:02, 37334, start_block_data_process, 4.888e-05, 92.1, 7278847, process, cloud-impute-filter
2022-10-10 17:53:02, 37334, end_block_data_process, 0.003668, 89.6, 7278847, band, NDVI
2022-10-10 17:53:02, 37334, start_block_data_read, 0.0008371, 89.6, 7278847, band, EVI
2022-10-10 17:53:03, 37334, end_block_data_read, 0.05637, 90.9, 7278847, band, EVI
2022-10-10 17:53:03, 37334, start_block_data_process, 3.6e-05, 90.9, 7278847, band, EVI
2022-10-10 17:53:03, 37334, end_block_data_process, 0.001775, 90.9, 7278847, band, EVI
2022-10-10 17:53:03, 37334, start_block_data_process, 5.007e-05, 90.9, 7278847, process, cloud-impute-filter
2022-10-10 17:53:03, 37334, end_block_data_process, 0.003562, 90.9, 7278847, band, EVI
2022-10-10 17:53:03, 37334, start_block_data_classification, 0.001816, 90.3, 7278847, model, rfor_model
2022-10-10 17:53:03, 37334, end_block_data_classification, 0.06426, 88.2, 7278847, model, rfor_model
2022-10-10 17:53:03, 37334, start_block_data_save, 0.0001881, 88.2, 7278847, file, ./.sits/TERRA_MODIS_012010_2013-09-14_2014-08-29_probs_v1_block_257_1.tif
2022-10-10 17:53:03, 37334, end_block_data_save, 0.06524, 88.3, 7278847, file, ./.sits/TERRA_MODIS_012010_2013-09-14_2014-08-29_probs_v1_block_257_1.tif
2022-10-10 17:53:04, 37334, start_block_data_read, 0.1312, 90.1, 7278847, band, CLOUD
2022-10-10 17:53:04, 37334, end_block_data_read, 0.05491, 91.6, 7278847, band, CLOUD
2022-10-10 17:53:04, 37334, start_block_data_process, 3.505e-05, 91.5, 7278847, band, CLOUD
2022-10-10 17:53:04, 37334, end_block_data_process, 2e-04, 91.5, 7278847, band, CLOUD
2022-10-10 17:53:04, 37334, start_block_data_process, 3.6e-05, 91.5, 7278847, cloud_mask, cloud_mask
2022-10-10 17:53:04, 37334, end_block_data_process, 0.007587, 90.8, 7278847, cloud_bit_mask, 0
2022-10-10 17:53:04, 37334, start_block_data_read, 0.000912, 90.8, 7278847, band, NDVI
2022-10-10 17:53:04, 37334, end_block_data_read, 0.06631, 92.2, 7278847, band, NDVI
2022-10-10 17:53:04, 37334, start_block_data_process, 3.505e-05, 92.1, 7278847, band, NDVI
2022-10-10 17:53:05, 37334, end_block_data_process, 0.002042, 92.1, 7278847, band, NDVI
2022-10-10 17:53:05, 37334, start_block_data_process, 5.198e-05, 92.1, 7278847, process, cloud-impute-filter
2022-10-10 17:53:05, 37334, end_block_data_process, 0.003753, 89.6, 7278847, band, NDVI
2022-10-10 17:53:05, 37334, start_block_data_read, 0.0008211, 89.6, 7278847, band, EVI
2022-10-10 17:53:05, 37334, end_block_data_read, 0.06552, 90.9, 7278847, band, EVI
2022-10-10 17:53:05, 37334, start_block_data_process, 4.005e-05, 90.9, 7278847, band, EVI
2022-10-10 17:53:05, 37334, end_block_data_process, 0.001868, 90.9, 7278847, band, EVI
2022-10-10 17:53:05, 37334, start_block_data_process, 5.007e-05, 90.9, 7278847, process, cloud-impute-filter
2022-10-10 17:53:05, 37334, end_block_data_process, 0.003258, 90.9, 7278847, band, EVI
2022-10-10 17:53:05, 37334, start_block_data_classification, 0.002051, 90.3, 7278847, model, rfor_model
2022-10-10 17:53:06, 37334, end_block_data_classification, 0.06487, 88.2, 7278847, model, rfor_model
2022-10-10 17:53:06, 37334, start_block_data_save, 0.0001919, 88.2, 7278847, file, ./.sits/TERRA_MODIS_012010_2013-09-14_2014-08-29_probs_v1_block_273_1.tif
2022-10-10 17:53:06, 37334, end_block_data_save, 0.07523, 88.3, 7278847, file, ./.sits/TERRA_MODIS_012010_2013-09-14_2014-08-29_probs_v1_block_273_1.tif
2022-10-10 17:53:06, 37334, start_block_data_read, 0.1471, 90.1, 7278847, band, CLOUD
2022-10-10 17:53:06, 37334, end_block_data_read, 0.05482, 91.6, 7278847, band, CLOUD
2022-10-10 17:53:06, 37334, start_block_data_process, 4.101e-05, 91.5, 7278847, band, CLOUD
2022-10-10 17:53:06, 37334, end_block_data_process, 0.000196, 91.5, 7278847, band, CLOUD
2022-10-10 17:53:06, 37334, start_block_data_process, 5.507e-05, 91.5, 7278847, cloud_mask, cloud_mask
2022-10-10 17:53:06, 37334, end_block_data_process, 0.004311, 90.8, 7278847, cloud_bit_mask, 0
2022-10-10 17:53:07, 37334, start_block_data_read, 0.000983, 90.8, 7278847, band, NDVI
2022-10-10 17:53:07, 37334, end_block_data_read, 0.05572, 92.2, 7278847, band, NDVI
2022-10-10 17:53:07, 37334, start_block_data_process, 4.697e-05, 92.1, 7278847, band, NDVI
2022-10-10 17:53:07, 37334, end_block_data_process, 0.002485, 92.1, 7278847, band, NDVI
2022-10-10 17:53:07, 37334, start_block_data_process, 0.0001042, 92.1, 7278847, process, cloud-impute-filter
2022-10-10 17:53:07, 37334, end_block_data_process, 0.003364, 89.6, 7278847, band, NDVI
2022-10-10 17:53:07, 37334, start_block_data_read, 0.001578, 89.6, 7278847, band, EVI
2022-10-10 17:53:07, 37334, end_block_data_read, 0.06197, 90.9, 7278847, band, EVI
2022-10-10 17:53:07, 37334, start_block_data_process, 3.505e-05, 90.9, 7278847, band, EVI
2022-10-10 17:53:07, 37334, end_block_data_process, 0.001959, 90.9, 7278847, band, EVI
2022-10-10 17:53:08, 37334, start_block_data_process, 5.293e-05, 90.9, 7278847, process, cloud-impute-filter
2022-10-10 17:53:08, 37334, end_block_data_process, 0.003407, 90.9, 7278847, band, EVI
2022-10-10 17:53:08, 37334, start_block_data_classification, 0.002432, 90.3, 7278847, model, rfor_model
2022-10-10 17:53:08, 37334, end_block_data_classification, 0.0658, 88.2, 7278847, model, rfor_model
2022-10-10 17:53:08, 37334, start_block_data_save, 0.0002048, 88.2, 7278847, file, ./.sits/TERRA_MODIS_012010_2013-09-14_2014-08-29_probs_v1_block_289_1.tif
2022-10-10 17:53:08, 37334, end_block_data_save, 0.06155, 88.3, 7278847, file, ./.sits/TERRA_MODIS_012010_2013-09-14_2014-08-29_probs_v1_block_289_1.tif
2022-10-10 17:53:08, 37334, start_block_data_read, 0.13, 90.1, 7278847, band, CLOUD
2022-10-10 17:53:08, 37334, end_block_data_read, 0.0569, 91.6, 7278847, band, CLOUD
2022-10-10 17:53:09, 37334, start_block_data_process, 3.505e-05, 91.5, 7278847, band, CLOUD
2022-10-10 17:53:09, 37334, end_block_data_process, 0.0002179, 91.5, 7278847, band, CLOUD
2022-10-10 17:53:09, 37334, start_block_data_process, 4.005e-05, 91.5, 7278847, cloud_mask, cloud_mask
2022-10-10 17:53:09, 37334, end_block_data_process, 0.004328, 90.8, 7278847, cloud_bit_mask, 0
2022-10-10 17:53:09, 37334, start_block_data_read, 0.001038, 90.8, 7278847, band, NDVI
2022-10-10 17:53:09, 37334, end_block_data_read, 0.06248, 92.2, 7278847, band, NDVI
2022-10-10 17:53:09, 37334, start_block_data_process, 4.005e-05, 92.1, 7278847, band, NDVI
2022-10-10 17:53:09, 37334, end_block_data_process, 0.001891, 92.1, 7278847, band, NDVI
2022-10-10 17:53:09, 37334, start_block_data_process, 6.199e-05, 92.1, 7278847, process, cloud-impute-filter
2022-10-10 17:53:09, 37334, end_block_data_process, 0.003243, 89.6, 7278847, band, NDVI
2022-10-10 17:53:09, 37334, start_block_data_read, 0.0008061, 89.6, 7278847, band, EVI
2022-10-10 17:53:10, 37334, end_block_data_read, 0.05494, 90.9, 7278847, band, EVI
2022-10-10 17:53:10, 37334, start_block_data_process, 3.505e-05, 90.9, 7278847, band, EVI
2022-10-10 17:53:10, 37334, end_block_data_process, 0.001969, 90.9, 7278847, band, EVI
2022-10-10 17:53:10, 37334, start_block_data_process, 4.911e-05, 90.9, 7278847, process, cloud-impute-filter
2022-10-10 17:53:10, 37334, end_block_data_process, 0.00325, 90.9, 7278847, band, EVI
2022-10-10 17:53:10, 37334, start_block_data_classification, 0.002096, 90.3, 7278847, model, rfor_model
2022-10-10 17:53:10, 37334, end_block_data_classification, 0.06036, 88.2, 7278847, model, rfor_model
2022-10-10 17:53:10, 37334, start_block_data_save, 0.000159, 88.2, 7278847, file, ./.sits/TERRA_MODIS_012010_2013-09-14_2014-08-29_probs_v1_block_305_1.tif
2022-10-10 17:53:10, 37334, end_block_data_save, 0.06369, 88.3, 7278847, file, ./.sits/TERRA_MODIS_012010_2013-09-14_2014-08-29_probs_v1_block_305_1.tif
2022-10-10 17:53:11, 37334, start_block_data_read, 0.1354, 90.1, 7278847, band, CLOUD
2022-10-10 17:53:11, 37334, end_block_data_read, 0.06768, 91.6, 7278847, band, CLOUD
2022-10-10 17:53:11, 37334, start_block_data_process, 5.794e-05, 91.5, 7278847, band, CLOUD
2022-10-10 17:53:11, 37334, end_block_data_process, 0.000236, 91.5, 7278847, band, CLOUD
2022-10-10 17:53:11, 37334, start_block_data_process, 4.292e-05, 91.5, 7278847, cloud_mask, cloud_mask
2022-10-10 17:53:11, 37334, end_block_data_process, 0.004637, 90.8, 7278847, cloud_bit_mask, 0
2022-10-10 17:53:11, 37334, start_block_data_read, 0.0009201, 90.8, 7278847, band, NDVI
2022-10-10 17:53:11, 37334, end_block_data_read, 0.05808, 92.2, 7278847, band, NDVI
2022-10-10 17:53:11, 37334, start_block_data_process, 3.505e-05, 92.1, 7278847, band, NDVI
2022-10-10 17:53:12, 37334, end_block_data_process, 0.001896, 92.1, 7278847, band, NDVI
2022-10-10 17:53:12, 37334, start_block_data_process, 8.297e-05, 92.1, 7278847, process, cloud-impute-filter
2022-10-10 17:53:12, 37334, end_block_data_process, 0.003347, 89.6, 7278847, band, NDVI
2022-10-10 17:53:12, 37334, start_block_data_read, 0.0009172, 89.6, 7278847, band, EVI
2022-10-10 17:53:12, 37334, end_block_data_read, 0.06, 90.9, 7278847, band, EVI
2022-10-10 17:53:12, 37334, start_block_data_process, 3.409e-05, 90.9, 7278847, band, EVI
2022-10-10 17:53:12, 37334, end_block_data_process, 0.001781, 90.9, 7278847, band, EVI
2022-10-10 17:53:12, 37334, start_block_data_process, 5.698e-05, 90.9, 7278847, process, cloud-impute-filter
2022-10-10 17:53:12, 37334, end_block_data_process, 0.003184, 90.9, 7278847, band, EVI
2022-10-10 17:53:12, 37334, start_block_data_classification, 0.001712, 90.3, 7278847, model, rfor_model
2022-10-10 17:53:13, 37334, end_block_data_classification, 0.05537, 88.2, 7278847, model, rfor_model
2022-10-10 17:53:13, 37334, start_block_data_save, 0.000201, 88.2, 7278847, file, ./.sits/TERRA_MODIS_012010_2013-09-14_2014-08-29_probs_v1_block_321_1.tif
2022-10-10 17:53:13, 37334, end_block_data_save, 0.06634, 88.3, 7278847, file, ./.sits/TERRA_MODIS_012010_2013-09-14_2014-08-29_probs_v1_block_321_1.tif
2022-10-10 17:53:13, 37334, start_block_data_read, 0.1293, 90.1, 7278847, band, CLOUD
2022-10-10 17:53:13, 37334, end_block_data_read, 0.09713, 91.6, 7278847, band, CLOUD
2022-10-10 17:53:13, 37334, start_block_data_process, 3.409e-05, 91.5, 7278847, band, CLOUD
2022-10-10 17:53:13, 37334, end_block_data_process, 0.0001972, 91.5, 7278847, band, CLOUD
2022-10-10 17:53:13, 37334, start_block_data_process, 5.698e-05, 91.5, 7278847, cloud_mask, cloud_mask
2022-10-10 17:53:14, 37334, end_block_data_process, 0.004716, 90.8, 7278847, cloud_bit_mask, 0
2022-10-10 17:53:14, 37334, start_block_data_read, 0.000927, 90.8, 7278847, band, NDVI
2022-10-10 17:53:14, 37334, end_block_data_read, 0.06245, 92.2, 7278847, band, NDVI
2022-10-10 17:53:14, 37334, start_block_data_process, 3.386e-05, 92.1, 7278847, band, NDVI
2022-10-10 17:53:14, 37334, end_block_data_process, 0.001866, 92.1, 7278847, band, NDVI
2022-10-10 17:53:14, 37334, start_block_data_process, 4.792e-05, 92.1, 7278847, process, cloud-impute-filter
2022-10-10 17:53:14, 37334, end_block_data_process, 0.00363, 89.6, 7278847, band, NDVI
2022-10-10 17:53:14, 37334, start_block_data_read, 0.0008261, 89.6, 7278847, band, EVI
2022-10-10 17:53:14, 37334, end_block_data_read, 0.05776, 90.9, 7278847, band, EVI
2022-10-10 17:53:15, 37334, start_block_data_process, 3.886e-05, 90.9, 7278847, band, EVI
2022-10-10 17:53:15, 37334, end_block_data_process, 0.002258, 90.9, 7278847, band, EVI
2022-10-10 17:53:15, 37334, start_block_data_process, 5.794e-05, 90.9, 7278847, process, cloud-impute-filter
2022-10-10 17:53:15, 37334, end_block_data_process, 0.003353, 90.9, 7278847, band, EVI
2022-10-10 17:53:15, 37334, start_block_data_classification, 0.002851, 90.3, 7278847, model, rfor_model
2022-10-10 17:53:15, 37334, end_block_data_classification, 0.06055, 88.2, 7278847, model, rfor_model
2022-10-10 17:53:15, 37334, start_block_data_save, 0.0002291, 88.2, 7278847, file, ./.sits/TERRA_MODIS_012010_2013-09-14_2014-08-29_probs_v1_block_337_1.tif
2022-10-10 17:53:15, 37334, end_block_data_save, 0.06511, 88.3, 7278847, file, ./.sits/TERRA_MODIS_012010_2013-09-14_2014-08-29_probs_v1_block_337_1.tif
2022-10-10 17:53:15, 37334, start_block_data_read, 0.1332, 90.1, 7278847, band, CLOUD
2022-10-10 17:53:16, 37334, end_block_data_read, 0.06779, 91.6, 7278847, band, CLOUD
2022-10-10 17:53:16, 37334, start_block_data_process, 3.886e-05, 91.5, 7278847, band, CLOUD
2022-10-10 17:53:16, 37334, end_block_data_process, 0.0001969, 91.5, 7278847, band, CLOUD
2022-10-10 17:53:16, 37334, start_block_data_process, 3.719e-05, 91.5, 7278847, cloud_mask, cloud_mask
2022-10-10 17:53:16, 37334, end_block_data_process, 0.004438, 90.8, 7278847, cloud_bit_mask, 0
2022-10-10 17:53:16, 37334, start_block_data_read, 0.001367, 90.8, 7278847, band, NDVI
2022-10-10 17:53:16, 37334, end_block_data_read, 0.05874, 92.2, 7278847, band, NDVI
2022-10-10 17:53:16, 37334, start_block_data_process, 3.6e-05, 92.1, 7278847, band, NDVI
2022-10-10 17:53:16, 37334, end_block_data_process, 0.001773, 92.1, 7278847, band, NDVI
2022-10-10 17:53:16, 37334, start_block_data_process, 4.983e-05, 92.1, 7278847, process, cloud-impute-filter
2022-10-10 17:53:17, 37334, end_block_data_process, 0.0034, 89.6, 7278847, band, NDVI
2022-10-10 17:53:17, 37334, start_block_data_read, 0.000982, 89.6, 7278847, band, EVI
2022-10-10 17:53:17, 37334, end_block_data_read, 0.06604, 90.9, 7278847, band, EVI
2022-10-10 17:53:17, 37334, start_block_data_process, 3.505e-05, 90.9, 7278847, band, EVI
2022-10-10 17:53:17, 37334, end_block_data_process, 0.001864, 90.9, 7278847, band, EVI
2022-10-10 17:53:17, 37334, start_block_data_process, 5.603e-05, 90.9, 7278847, process, cloud-impute-filter
2022-10-10 17:53:17, 37334, end_block_data_process, 0.003397, 90.9, 7278847, band, EVI
2022-10-10 17:53:17, 37334, start_block_data_classification, 0.001874, 90.3, 7278847, model, rfor_model
2022-10-10 17:53:17, 37334, end_block_data_classification, 0.06192, 88.2, 7278847, model, rfor_model
2022-10-10 17:53:17, 37334, start_block_data_save, 0.0001838, 88.2, 7278847, file, ./.sits/TERRA_MODIS_012010_2013-09-14_2014-08-29_probs_v1_block_353_1.tif
2022-10-10 17:53:18, 37334, end_block_data_save, 0.06409, 88.3, 7278847, file, ./.sits/TERRA_MODIS_012010_2013-09-14_2014-08-29_probs_v1_block_353_1.tif
2022-10-10 17:53:18, 37334, start_block_data_read, 0.1288, 90.1, 7278847, band, CLOUD
2022-10-10 17:53:18, 37334, end_block_data_read, 0.05763, 91.6, 7278847, band, CLOUD
2022-10-10 17:53:18, 37334, start_block_data_process, 3.409e-05, 91.5, 7278847, band, CLOUD
2022-10-10 17:53:18, 37334, end_block_data_process, 0.0002029, 91.5, 7278847, band, CLOUD
2022-10-10 17:53:18, 37334, start_block_data_process, 3.481e-05, 91.5, 7278847, cloud_mask, cloud_mask
2022-10-10 17:53:18, 37334, end_block_data_process, 0.004414, 90.8, 7278847, cloud_bit_mask, 0
2022-10-10 17:53:18, 37334, start_block_data_read, 0.0009861, 90.8, 7278847, band, NDVI
2022-10-10 17:53:19, 37334, end_block_data_read, 0.05512, 92.2, 7278847, band, NDVI
2022-10-10 17:53:19, 37334, start_block_data_process, 3.791e-05, 92.1, 7278847, band, NDVI
2022-10-10 17:53:19, 37334, end_block_data_process, 0.002312, 92.1, 7278847, band, NDVI
2022-10-10 17:53:19, 37334, start_block_data_process, 4.792e-05, 92.1, 7278847, process, cloud-impute-filter
2022-10-10 17:53:19, 37334, end_block_data_process, 0.00355, 89.6, 7278847, band, NDVI
2022-10-10 17:53:19, 37334, start_block_data_read, 0.000809, 89.6, 7278847, band, EVI
2022-10-10 17:53:19, 37334, end_block_data_read, 0.05665, 90.9, 7278847, band, EVI
2022-10-10 17:53:19, 37334, start_block_data_process, 3.29e-05, 90.9, 7278847, band, EVI
2022-10-10 17:53:19, 37334, end_block_data_process, 0.002565, 90.9, 7278847, band, EVI
2022-10-10 17:53:19, 37334, start_block_data_process, 7.105e-05, 90.9, 7278847, process, cloud-impute-filter
2022-10-10 17:53:19, 37334, end_block_data_process, 0.00381, 90.9, 7278847, band, EVI
2022-10-10 17:53:20, 37334, start_block_data_classification, 0.001735, 90.3, 7278847, model, rfor_model
2022-10-10 17:53:20, 37334, end_block_data_classification, 0.0664, 88.2, 7278847, model, rfor_model
2022-10-10 17:53:20, 37334, start_block_data_save, 0.0002639, 88.2, 7278847, file, ./.sits/TERRA_MODIS_012010_2013-09-14_2014-08-29_probs_v1_block_369_1.tif
2022-10-10 17:53:20, 37334, end_block_data_save, 0.06807, 88.3, 7278847, file, ./.sits/TERRA_MODIS_012010_2013-09-14_2014-08-29_probs_v1_block_369_1.tif
2022-10-10 17:53:20, 37334, start_block_data_read, 0.1313, 90.1, 7278847, band, CLOUD
2022-10-10 17:53:20, 37334, end_block_data_read, 0.05484, 91.6, 7278847, band, CLOUD
2022-10-10 17:53:20, 37334, start_block_data_process, 3.409e-05, 91.5, 7278847, band, CLOUD
2022-10-10 17:53:20, 37334, end_block_data_process, 0.0001919, 91.5, 7278847, band, CLOUD
2022-10-10 17:53:21, 37334, start_block_data_process, 3.791e-05, 91.5, 7278847, cloud_mask, cloud_mask
2022-10-10 17:53:21, 37334, end_block_data_process, 0.00462, 90.8, 7278847, cloud_bit_mask, 0
2022-10-10 17:53:21, 37334, start_block_data_read, 0.001074, 90.8, 7278847, band, NDVI
2022-10-10 17:53:21, 37334, end_block_data_read, 0.0586, 92.2, 7278847, band, NDVI
2022-10-10 17:53:21, 37334, start_block_data_process, 3.386e-05, 92.1, 7278847, band, NDVI
2022-10-10 17:53:21, 37334, end_block_data_process, 0.001923, 92.1, 7278847, band, NDVI
2022-10-10 17:53:21, 37334, start_block_data_process, 9.394e-05, 92.1, 7278847, process, cloud-impute-filter
2022-10-10 17:53:21, 37334, end_block_data_process, 0.003315, 89.6, 7278847, band, NDVI
2022-10-10 17:53:21, 37334, start_block_data_read, 0.0007949, 89.6, 7278847, band, EVI
2022-10-10 17:53:21, 37334, end_block_data_read, 0.05851, 90.9, 7278847, band, EVI
2022-10-10 17:53:22, 37334, start_block_data_process, 4.292e-05, 90.9, 7278847, band, EVI
2022-10-10 17:53:22, 37334, end_block_data_process, 0.001763, 90.9, 7278847, band, EVI
2022-10-10 17:53:22, 37334, start_block_data_process, 4.721e-05, 90.9, 7278847, process, cloud-impute-filter
2022-10-10 17:53:22, 37334, end_block_data_process, 0.003247, 90.9, 7278847, band, EVI
2022-10-10 17:53:22, 37334, start_block_data_classification, 0.003041, 90.3, 7278847, model, rfor_model
2022-10-10 17:53:22, 37334, end_block_data_classification, 0.06567, 88.2, 7278847, model, rfor_model
2022-10-10 17:53:22, 37334, start_block_data_save, 0.0002389, 88.2, 7278847, file, ./.sits/TERRA_MODIS_012010_2013-09-14_2014-08-29_probs_v1_block_385_1.tif
2022-10-10 17:53:22, 37334, end_block_data_save, 0.06658, 88.3, 7278847, file, ./.sits/TERRA_MODIS_012010_2013-09-14_2014-08-29_probs_v1_block_385_1.tif
2022-10-10 17:53:23, 37334, start_block_data_read, 0.1287, 90.1, 7278847, band, CLOUD
2022-10-10 17:53:23, 37334, end_block_data_read, 0.06239, 91.6, 7278847, band, CLOUD
2022-10-10 17:53:23, 37334, start_block_data_process, 3.29e-05, 91.5, 7278847, band, CLOUD
2022-10-10 17:53:23, 37334, end_block_data_process, 0.0002048, 91.5, 7278847, band, CLOUD
2022-10-10 17:53:23, 37334, start_block_data_process, 4.411e-05, 91.5, 7278847, cloud_mask, cloud_mask
2022-10-10 17:53:23, 37334, end_block_data_process, 0.005308, 90.8, 7278847, cloud_bit_mask, 0
2022-10-10 17:53:23, 37334, start_block_data_read, 0.000993, 90.8, 7278847, band, NDVI
2022-10-10 17:53:23, 37334, end_block_data_read, 0.1012, 92.2, 7278847, band, NDVI
2022-10-10 17:53:24, 37334, start_block_data_process, 5.317e-05, 92.1, 7278847, band, NDVI
2022-10-10 17:53:24, 37334, end_block_data_process, 0.002124, 92.1, 7278847, band, NDVI
2022-10-10 17:53:24, 37334, start_block_data_process, 5.698e-05, 92.1, 7278847, process, cloud-impute-filter
2022-10-10 17:53:24, 37334, end_block_data_process, 0.0035, 89.6, 7278847, band, NDVI
2022-10-10 17:53:24, 37334, start_block_data_read, 0.000824, 89.6, 7278847, band, EVI
2022-10-10 17:53:24, 37334, end_block_data_read, 0.0646, 90.9, 7278847, band, EVI
2022-10-10 17:53:24, 37334, start_block_data_process, 4.292e-05, 90.9, 7278847, band, EVI
2022-10-10 17:53:24, 37334, end_block_data_process, 0.001937, 90.9, 7278847, band, EVI
2022-10-10 17:53:25, 37334, start_block_data_process, 4.888e-05, 90.9, 7278847, process, cloud-impute-filter
2022-10-10 17:53:25, 37334, end_block_data_process, 0.003363, 90.9, 7278847, band, EVI
2022-10-10 17:53:25, 37334, start_block_data_classification, 0.002014, 90.3, 7278847, model, rfor_model
2022-10-10 17:53:25, 37334, end_block_data_classification, 0.082, 88.2, 7278847, model, rfor_model
2022-10-10 17:53:25, 37334, start_block_data_save, 0.0002699, 88.2, 7278847, file, ./.sits/TERRA_MODIS_012010_2013-09-14_2014-08-29_probs_v1_block_401_1.tif
2022-10-10 17:53:25, 37334, end_block_data_save, 0.06831, 88.3, 7278847, file, ./.sits/TERRA_MODIS_012010_2013-09-14_2014-08-29_probs_v1_block_401_1.tif
2022-10-10 17:53:25, 37334, start_block_data_read, 0.1343, 90.1, 7278847, band, CLOUD
2022-10-10 17:53:26, 37334, end_block_data_read, 0.05982, 91.6, 7278847, band, CLOUD
2022-10-10 17:53:26, 37334, start_block_data_process, 0.0001092, 91.5, 7278847, band, CLOUD
2022-10-10 17:53:26, 37334, end_block_data_process, 0.0002019, 91.5, 7278847, band, CLOUD
2022-10-10 17:53:26, 37334, start_block_data_process, 4.101e-05, 91.5, 7278847, cloud_mask, cloud_mask
2022-10-10 17:53:26, 37334, end_block_data_process, 0.00476, 90.8, 7278847, cloud_bit_mask, 0
2022-10-10 17:53:26, 37334, start_block_data_read, 0.0009661, 90.8, 7278847, band, NDVI
2022-10-10 17:53:26, 37334, end_block_data_read, 0.05563, 92.2, 7278847, band, NDVI
2022-10-10 17:53:26, 37334, start_block_data_process, 3.481e-05, 92.1, 7278847, band, NDVI
2022-10-10 17:53:26, 37334, end_block_data_process, 0.001834, 92.1, 7278847, band, NDVI
2022-10-10 17:53:26, 37334, start_block_data_process, 6.199e-05, 92.1, 7278847, process, cloud-impute-filter
2022-10-10 17:53:26, 37334, end_block_data_process, 0.00393, 89.6, 7278847, band, NDVI
2022-10-10 17:53:27, 37334, start_block_data_read, 0.001577, 89.6, 7278847, band, EVI
2022-10-10 17:53:27, 37334, end_block_data_read, 0.05884, 90.9, 7278847, band, EVI
2022-10-10 17:53:27, 37334, start_block_data_process, 3.6e-05, 90.9, 7278847, band, EVI
2022-10-10 17:53:27, 37334, end_block_data_process, 0.002185, 90.9, 7278847, band, EVI
2022-10-10 17:53:27, 37334, start_block_data_process, 8.297e-05, 90.9, 7278847, process, cloud-impute-filter
2022-10-10 17:53:27, 37334, end_block_data_process, 0.003369, 90.9, 7278847, band, EVI
2022-10-10 17:53:27, 37334, start_block_data_classification, 0.002001, 90.3, 7278847, model, rfor_model
2022-10-10 17:53:27, 37334, end_block_data_classification, 0.07267, 88.2, 7278847, model, rfor_model
2022-10-10 17:53:27, 37334, start_block_data_save, 0.0001919, 88.2, 7278847, file, ./.sits/TERRA_MODIS_012010_2013-09-14_2014-08-29_probs_v1_block_417_1.tif
2022-10-10 17:53:28, 37334, end_block_data_save, 0.06851, 88.3, 7278847, file, ./.sits/TERRA_MODIS_012010_2013-09-14_2014-08-29_probs_v1_block_417_1.tif
2022-10-10 17:53:28, 37334, start_block_data_read, 0.1735, 90.1, 7278847, band, CLOUD
2022-10-10 17:53:28, 37334, end_block_data_read, 0.06597, 91.6, 7278847, band, CLOUD
2022-10-10 17:53:28, 37334, start_block_data_process, 3.6e-05, 91.5, 7278847, band, CLOUD
2022-10-10 17:53:28, 37334, end_block_data_process, 0.00021, 91.5, 7278847, band, CLOUD
2022-10-10 17:53:28, 37334, start_block_data_process, 3.886e-05, 91.5, 7278847, cloud_mask, cloud_mask
2022-10-10 17:53:28, 37334, end_block_data_process, 0.004667, 90.8, 7278847, cloud_bit_mask, 0
2022-10-10 17:53:28, 37334, start_block_data_read, 0.001557, 90.8, 7278847, band, NDVI
2022-10-10 17:53:29, 37334, end_block_data_read, 0.05941, 92.2, 7278847, band, NDVI
2022-10-10 17:53:29, 37334, start_block_data_process, 4.101e-05, 92.1, 7278847, band, NDVI
2022-10-10 17:53:29, 37334, end_block_data_process, 0.00239, 92.1, 7278847, band, NDVI
2022-10-10 17:53:29, 37334, start_block_data_process, 4.911e-05, 92.1, 7278847, process, cloud-impute-filter
2022-10-10 17:53:29, 37334, end_block_data_process, 0.003461, 89.6, 7278847, band, NDVI
2022-10-10 17:53:29, 37334, start_block_data_read, 9e-04, 89.6, 7278847, band, EVI
2022-10-10 17:53:29, 37334, end_block_data_read, 0.05846, 90.9, 7278847, band, EVI
2022-10-10 17:53:29, 37334, start_block_data_process, 3.6e-05, 90.9, 7278847, band, EVI
2022-10-10 17:53:29, 37334, end_block_data_process, 0.001825, 90.9, 7278847, band, EVI
2022-10-10 17:53:29, 37334, start_block_data_process, 5.293e-05, 90.9, 7278847, process, cloud-impute-filter
2022-10-10 17:53:30, 37334, end_block_data_process, 0.003214, 90.9, 7278847, band, EVI
2022-10-10 17:53:30, 37334, start_block_data_classification, 0.002763, 90.3, 7278847, model, rfor_model
2022-10-10 17:53:30, 37334, end_block_data_classification, 0.07701, 88.2, 7278847, model, rfor_model
2022-10-10 17:53:30, 37334, start_block_data_save, 0.0002129, 88.2, 7278847, file, ./.sits/TERRA_MODIS_012010_2013-09-14_2014-08-29_probs_v1_block_433_1.tif
2022-10-10 17:53:30, 37334, end_block_data_save, 0.06851, 88.3, 7278847, file, ./.sits/TERRA_MODIS_012010_2013-09-14_2014-08-29_probs_v1_block_433_1.tif
2022-10-10 17:53:30, 37334, start_block_data_read, 0.1268, 90.1, 7278847, band, CLOUD
2022-10-10 17:53:30, 37334, end_block_data_read, 0.05793, 91.6, 7278847, band, CLOUD
2022-10-10 17:53:30, 37334, start_block_data_process, 5.388e-05, 91.5, 7278847, band, CLOUD
2022-10-10 17:53:31, 37334, end_block_data_process, 0.0001969, 91.5, 7278847, band, CLOUD
2022-10-10 17:53:31, 37334, start_block_data_process, 3.6e-05, 91.5, 7278847, cloud_mask, cloud_mask
2022-10-10 17:53:31, 37334, end_block_data_process, 0.004354, 90.8, 7278847, cloud_bit_mask, 0
2022-10-10 17:53:31, 37334, start_block_data_read, 0.0009539, 90.8, 7278847, band, NDVI
2022-10-10 17:53:31, 37334, end_block_data_read, 0.07049, 92.2, 7278847, band, NDVI
2022-10-10 17:53:31, 37334, start_block_data_process, 3.695e-05, 92.1, 7278847, band, NDVI
2022-10-10 17:53:31, 37334, end_block_data_process, 0.00194, 92.1, 7278847, band, NDVI
2022-10-10 17:53:31, 37334, start_block_data_process, 5.007e-05, 92.1, 7278847, process, cloud-impute-filter
2022-10-10 17:53:31, 37334, end_block_data_process, 0.003547, 89.6, 7278847, band, NDVI
2022-10-10 17:53:31, 37334, start_block_data_read, 0.00091, 89.6, 7278847, band, EVI
2022-10-10 17:53:32, 37334, end_block_data_read, 0.06737, 90.9, 7278847, band, EVI
2022-10-10 17:53:32, 37334, start_block_data_process, 3.91e-05, 90.9, 7278847, band, EVI
2022-10-10 17:53:32, 37334, end_block_data_process, 0.002351, 90.9, 7278847, band, EVI
2022-10-10 17:53:32, 37334, start_block_data_process, 5.484e-05, 90.9, 7278847, process, cloud-impute-filter
2022-10-10 17:53:32, 37334, end_block_data_process, 0.003782, 90.9, 7278847, band, EVI
2022-10-10 17:53:32, 37334, start_block_data_classification, 0.001792, 90.3, 7278847, model, rfor_model
2022-10-10 17:53:32, 37334, end_block_data_classification, 0.06834, 88.2, 7278847, model, rfor_model
2022-10-10 17:53:32, 37334, start_block_data_save, 0.000185, 88.2, 7278847, file, ./.sits/TERRA_MODIS_012010_2013-09-14_2014-08-29_probs_v1_block_449_1.tif
2022-10-10 17:53:32, 37334, end_block_data_save, 0.06279, 88.3, 7278847, file, ./.sits/TERRA_MODIS_012010_2013-09-14_2014-08-29_probs_v1_block_449_1.tif
2022-10-10 17:53:33, 37334, start_block_data_read, 0.1419, 90.1, 7278847, band, CLOUD
2022-10-10 17:53:33, 37334, end_block_data_read, 0.05951, 91.6, 7278847, band, CLOUD
2022-10-10 17:53:33, 37334, start_block_data_process, 3.505e-05, 91.5, 7278847, band, CLOUD
2022-10-10 17:53:33, 37334, end_block_data_process, 0.0001941, 91.5, 7278847, band, CLOUD
2022-10-10 17:53:33, 37334, start_block_data_process, 3.6e-05, 91.5, 7278847, cloud_mask, cloud_mask
2022-10-10 17:53:33, 37334, end_block_data_process, 0.004496, 90.8, 7278847, cloud_bit_mask, 0
2022-10-10 17:53:33, 37334, start_block_data_read, 0.0009871, 90.8, 7278847, band, NDVI
2022-10-10 17:53:33, 37334, end_block_data_read, 0.05564, 92.2, 7278847, band, NDVI
2022-10-10 17:53:33, 37334, start_block_data_process, 3.6e-05, 92.1, 7278847, band, NDVI
2022-10-10 17:53:34, 37334, end_block_data_process, 0.002181, 92.1, 7278847, band, NDVI
2022-10-10 17:53:34, 37334, start_block_data_process, 4.816e-05, 92.1, 7278847, process, cloud-impute-filter
2022-10-10 17:53:34, 37334, end_block_data_process, 0.003372, 89.6, 7278847, band, NDVI
2022-10-10 17:53:34, 37334, start_block_data_read, 0.000813, 89.6, 7278847, band, EVI
2022-10-10 17:53:34, 37334, end_block_data_read, 0.0619, 90.9, 7278847, band, EVI
2022-10-10 17:53:34, 37334, start_block_data_process, 5.293e-05, 90.9, 7278847, band, EVI
2022-10-10 17:53:34, 37334, end_block_data_process, 0.001763, 90.9, 7278847, band, EVI
2022-10-10 17:53:34, 37334, start_block_data_process, 5.007e-05, 90.9, 7278847, process, cloud-impute-filter
2022-10-10 17:53:34, 37334, end_block_data_process, 0.003355, 90.9, 7278847, band, EVI
2022-10-10 17:53:34, 37334, start_block_data_classification, 0.00176, 90.3, 7278847, model, rfor_model
2022-10-10 17:53:35, 37334, end_block_data_classification, 0.07218, 88.2, 7278847, model, rfor_model
2022-10-10 17:53:35, 37334, start_block_data_save, 0.000216, 88.2, 7278847, file, ./.sits/TERRA_MODIS_012010_2013-09-14_2014-08-29_probs_v1_block_465_1.tif
2022-10-10 17:53:35, 37334, end_block_data_save, 0.06859, 88.3, 7278847, file, ./.sits/TERRA_MODIS_012010_2013-09-14_2014-08-29_probs_v1_block_465_1.tif
2022-10-10 17:53:35, 37334, start_block_data_read, 0.1628, 90.1, 7278847, band, CLOUD
2022-10-10 17:53:35, 37334, end_block_data_read, 0.0609, 91.6, 7278847, band, CLOUD
2022-10-10 17:53:35, 37334, start_block_data_process, 3.386e-05, 91.5, 7278847, band, CLOUD
2022-10-10 17:53:35, 37334, end_block_data_process, 0.000195, 91.5, 7278847, band, CLOUD
2022-10-10 17:53:35, 37334, start_block_data_process, 3.886e-05, 91.5, 7278847, cloud_mask, cloud_mask
2022-10-10 17:53:36, 37334, end_block_data_process, 0.004276, 90.8, 7278847, cloud_bit_mask, 0
2022-10-10 17:53:36, 37334, start_block_data_read, 0.0009229, 90.8, 7278847, band, NDVI
2022-10-10 17:53:36, 37334, end_block_data_read, 0.07263, 92.2, 7278847, band, NDVI
2022-10-10 17:53:36, 37334, start_block_data_process, 3.695e-05, 92.1, 7278847, band, NDVI
2022-10-10 17:53:36, 37334, end_block_data_process, 0.001768, 92.1, 7278847, band, NDVI
2022-10-10 17:53:36, 37334, start_block_data_process, 4.792e-05, 92.1, 7278847, process, cloud-impute-filter
2022-10-10 17:53:36, 37334, end_block_data_process, 0.003316, 89.6, 7278847, band, NDVI
2022-10-10 17:53:36, 37334, start_block_data_read, 0.0009151, 89.6, 7278847, band, EVI
2022-10-10 17:53:36, 37334, end_block_data_read, 0.063, 90.9, 7278847, band, EVI
2022-10-10 17:53:36, 37334, start_block_data_process, 3.505e-05, 90.9, 7278847, band, EVI
2022-10-10 17:53:37, 37334, end_block_data_process, 0.001905, 90.9, 7278847, band, EVI
2022-10-10 17:53:37, 37334, start_block_data_process, 5.102e-05, 90.9, 7278847, process, cloud-impute-filter
2022-10-10 17:53:37, 37334, end_block_data_process, 0.003698, 90.9, 7278847, band, EVI
2022-10-10 17:53:37, 37334, start_block_data_classification, 0.001766, 90.3, 7278847, model, rfor_model
2022-10-10 17:53:37, 37334, end_block_data_classification, 0.07553, 88.2, 7278847, model, rfor_model
2022-10-10 17:53:37, 37334, start_block_data_save, 0.0002179, 88.2, 7278847, file, ./.sits/TERRA_MODIS_012010_2013-09-14_2014-08-29_probs_v1_block_481_1.tif
2022-10-10 17:53:37, 37334, end_block_data_save, 0.06689, 88.3, 7278847, file, ./.sits/TERRA_MODIS_012010_2013-09-14_2014-08-29_probs_v1_block_481_1.tif
2022-10-10 17:53:37, 37334, start_block_data_read, 0.1392, 90.1, 7278847, band, CLOUD
2022-10-10 17:53:38, 37334, end_block_data_read, 0.06539, 91.6, 7278847, band, CLOUD
2022-10-10 17:53:38, 37334, start_block_data_process, 4.601e-05, 91.5, 7278847, band, CLOUD
2022-10-10 17:53:38, 37334, end_block_data_process, 0.0002401, 91.5, 7278847, band, CLOUD
2022-10-10 17:53:38, 37334, start_block_data_process, 3.815e-05, 91.5, 7278847, cloud_mask, cloud_mask
2022-10-10 17:53:38, 37334, end_block_data_process, 0.004516, 90.8, 7278847, cloud_bit_mask, 0
2022-10-10 17:53:38, 37334, start_block_data_read, 0.000911, 90.8, 7278847, band, NDVI
2022-10-10 17:53:38, 37334, end_block_data_read, 0.06071, 92.2, 7278847, band, NDVI
2022-10-10 17:53:38, 37334, start_block_data_process, 3.505e-05, 92.1, 7278847, band, NDVI
2022-10-10 17:53:38, 37334, end_block_data_process, 0.002332, 92.1, 7278847, band, NDVI
2022-10-10 17:53:38, 37334, start_block_data_process, 4.888e-05, 92.1, 7278847, process, cloud-impute-filter
2022-10-10 17:53:39, 37334, end_block_data_process, 0.003356, 89.6, 7278847, band, NDVI
2022-10-10 17:53:39, 37334, start_block_data_read, 0.0009019, 89.6, 7278847, band, EVI
2022-10-10 17:53:39, 37334, end_block_data_read, 0.05976, 90.9, 7278847, band, EVI
2022-10-10 17:53:39, 37334, start_block_data_process, 6.509e-05, 90.9, 7278847, band, EVI
2022-10-10 17:53:39, 37334, end_block_data_process, 0.002593, 90.9, 7278847, band, EVI
2022-10-10 17:53:39, 37334, start_block_data_process, 4.983e-05, 90.9, 7278847, process, cloud-impute-filter
2022-10-10 17:53:39, 37334, end_block_data_process, 0.00343, 90.9, 7278847, band, EVI
2022-10-10 17:53:39, 37334, start_block_data_classification, 0.001728, 90.3, 7278847, model, rfor_model
2022-10-10 17:53:39, 37334, end_block_data_classification, 0.07581, 88.2, 7278847, model, rfor_model
2022-10-10 17:53:40, 37334, start_block_data_save, 0.0001779, 88.2, 7278847, file, ./.sits/TERRA_MODIS_012010_2013-09-14_2014-08-29_probs_v1_block_497_1.tif
2022-10-10 17:53:40, 37334, end_block_data_save, 0.06809, 88.3, 7278847, file, ./.sits/TERRA_MODIS_012010_2013-09-14_2014-08-29_probs_v1_block_497_1.tif
2022-10-10 17:53:40, 37334, start_block_data_read, 0.1734, 90.1, 7278847, band, CLOUD
2022-10-10 17:53:40, 37334, end_block_data_read, 0.06344, 91.6, 7278847, band, CLOUD
2022-10-10 17:53:40, 37334, start_block_data_process, 8.202e-05, 91.5, 7278847, band, CLOUD
2022-10-10 17:53:40, 37334, end_block_data_process, 0.0002232, 91.5, 7278847, band, CLOUD
2022-10-10 17:53:40, 37334, start_block_data_process, 3.6e-05, 91.5, 7278847, cloud_mask, cloud_mask
2022-10-10 17:53:40, 37334, end_block_data_process, 0.004554, 90.8, 7278847, cloud_bit_mask, 0
2022-10-10 17:53:41, 37334, start_block_data_read, 0.002209, 90.8, 7278847, band, NDVI
2022-10-10 17:53:41, 37334, end_block_data_read, 0.07333, 92.2, 7278847, band, NDVI
2022-10-10 17:53:41, 37334, start_block_data_process, 3.719e-05, 92.1, 7278847, band, NDVI
2022-10-10 17:53:41, 37334, end_block_data_process, 0.001997, 92.1, 7278847, band, NDVI
2022-10-10 17:53:41, 37334, start_block_data_process, 5.007e-05, 92.1, 7278847, process, cloud-impute-filter
2022-10-10 17:53:41, 37334, end_block_data_process, 0.003567, 89.6, 7278847, band, NDVI
2022-10-10 17:53:41, 37334, start_block_data_read, 0.0009501, 89.6, 7278847, band, EVI
2022-10-10 17:53:41, 37334, end_block_data_read, 0.06664, 90.9, 7278847, band, EVI
2022-10-10 17:53:42, 37334, start_block_data_process, 3.505e-05, 90.9, 7278847, band, EVI
2022-10-10 17:53:42, 37334, end_block_data_process, 0.001998, 90.9, 7278847, band, EVI
2022-10-10 17:53:42, 37334, start_block_data_process, 5.412e-05, 90.9, 7278847, process, cloud-impute-filter
2022-10-10 17:53:42, 37334, end_block_data_process, 0.003316, 90.9, 7278847, band, EVI
2022-10-10 17:53:42, 37334, start_block_data_classification, 0.001913, 90.3, 7278847, model, rfor_model
2022-10-10 17:53:42, 37334, end_block_data_classification, 0.07285, 88.2, 7278847, model, rfor_model
2022-10-10 17:53:42, 37334, start_block_data_save, 0.000303, 88.2, 7278847, file, ./.sits/TERRA_MODIS_012010_2013-09-14_2014-08-29_probs_v1_block_513_1.tif
2022-10-10 17:53:42, 37334, end_block_data_save, 0.06852, 88.3, 7278847, file, ./.sits/TERRA_MODIS_012010_2013-09-14_2014-08-29_probs_v1_block_513_1.tif
2022-10-10 17:53:43, 37334, start_block_data_read, 0.1322, 90.1, 7278847, band, CLOUD
2022-10-10 17:53:43, 37334, end_block_data_read, 0.06039, 91.6, 7278847, band, CLOUD
2022-10-10 17:53:43, 37334, start_block_data_process, 3.505e-05, 91.5, 7278847, band, CLOUD
2022-10-10 17:53:43, 37334, end_block_data_process, 0.0002019, 91.5, 7278847, band, CLOUD
2022-10-10 17:53:43, 37334, start_block_data_process, 4.196e-05, 91.5, 7278847, cloud_mask, cloud_mask
2022-10-10 17:53:43, 37334, end_block_data_process, 0.004549, 90.8, 7278847, cloud_bit_mask, 0
2022-10-10 17:53:43, 37334, start_block_data_read, 0.000994, 90.8, 7278847, band, NDVI
2022-10-10 17:53:43, 37334, end_block_data_read, 0.06524, 92.2, 7278847, band, NDVI
2022-10-10 17:53:43, 37334, start_block_data_process, 3.6e-05, 92.1, 7278847, band, NDVI
2022-10-10 17:53:43, 37334, end_block_data_process, 0.00184, 92.1, 7278847, band, NDVI
2022-10-10 17:53:44, 37334, start_block_data_process, 5.507e-05, 92.1, 7278847, process, cloud-impute-filter
2022-10-10 17:53:44, 37334, end_block_data_process, 0.003424, 89.6, 7278847, band, NDVI
2022-10-10 17:53:44, 37334, start_block_data_read, 0.001092, 89.6, 7278847, band, EVI
2022-10-10 17:53:44, 37334, end_block_data_read, 0.06602, 90.9, 7278847, band, EVI
2022-10-10 17:53:44, 37334, start_block_data_process, 0.000103, 90.9, 7278847, band, EVI
2022-10-10 17:53:44, 37334, end_block_data_process, 0.001949, 90.9, 7278847, band, EVI
2022-10-10 17:53:44, 37334, start_block_data_process, 5.198e-05, 90.9, 7278847, process, cloud-impute-filter
2022-10-10 17:53:44, 37334, end_block_data_process, 0.003344, 90.9, 7278847, band, EVI
2022-10-10 17:53:44, 37334, start_block_data_classification, 0.001904, 90.3, 7278847, model, rfor_model
2022-10-10 17:53:44, 37334, end_block_data_classification, 0.07297, 88.2, 7278847, model, rfor_model
2022-10-10 17:53:45, 37334, start_block_data_save, 0.00019, 88.2, 7278847, file, ./.sits/TERRA_MODIS_012010_2013-09-14_2014-08-29_probs_v1_block_529_1.tif
2022-10-10 17:53:45, 37334, end_block_data_save, 0.06896, 88.3, 7278847, file, ./.sits/TERRA_MODIS_012010_2013-09-14_2014-08-29_probs_v1_block_529_1.tif
2022-10-10 17:53:45, 37334, start_block_data_read, 0.1387, 90.1, 7278847, band, CLOUD
2022-10-10 17:53:45, 37334, end_block_data_read, 0.05414, 91.4, 7278847, band, CLOUD
2022-10-10 17:53:45, 37334, start_block_data_process, 3.314e-05, 91.3, 7278847, band, CLOUD
2022-10-10 17:53:45, 37334, end_block_data_process, 0.0002019, 91.3, 7278847, band, CLOUD
2022-10-10 17:53:45, 37334, start_block_data_process, 3.505e-05, 91.3, 7278847, cloud_mask, cloud_mask
2022-10-10 17:53:45, 37334, end_block_data_process, 0.003616, 90.7, 7278847, cloud_bit_mask, 0
2022-10-10 17:53:45, 37334, start_block_data_read, 0.001103, 90.7, 7278847, band, NDVI
2022-10-10 17:53:46, 37334, end_block_data_read, 0.05153, 92, 7278847, band, NDVI
2022-10-10 17:53:46, 37334, start_block_data_process, 3.409e-05, 91.9, 7278847, band, NDVI
2022-10-10 17:53:46, 37334, end_block_data_process, 0.001533, 91.9, 7278847, band, NDVI
2022-10-10 17:53:46, 37334, start_block_data_process, 4.816e-05, 91.9, 7278847, process, cloud-impute-filter
2022-10-10 17:53:46, 37334, end_block_data_process, 0.003519, 89.4, 7278847, band, NDVI
2022-10-10 17:53:46, 37334, start_block_data_read, 0.000824, 89.4, 7278847, band, EVI
2022-10-10 17:53:46, 37334, end_block_data_read, 0.0511, 90.5, 7278847, band, EVI
2022-10-10 17:53:46, 37334, start_block_data_process, 3.29e-05, 90.5, 7278847, band, EVI
2022-10-10 17:53:46, 37334, end_block_data_process, 0.001527, 90.5, 7278847, band, EVI
2022-10-10 17:53:46, 37334, start_block_data_process, 4.601e-05, 90.5, 7278847, process, cloud-impute-filter
2022-10-10 17:53:46, 37334, end_block_data_process, 0.002995, 90.5, 7278847, band, EVI
2022-10-10 17:53:46, 37334, start_block_data_classification, 0.001497, 89.9, 7278847, model, rfor_model
2022-10-10 17:53:47, 37334, end_block_data_classification, 0.05392, 88.1, 7278847, model, rfor_model
2022-10-10 17:53:47, 37334, start_block_data_save, 0.000144, 88.1, 7278847, file, ./.sits/TERRA_MODIS_012010_2013-09-14_2014-08-29_probs_v1_block_545_1.tif
2022-10-10 17:53:47, 37334, end_block_data_save, 0.06115, 88.2, 7278847, file, ./.sits/TERRA_MODIS_012010_2013-09-14_2014-08-29_probs_v1_block_545_1.tif
