date_time, pid, event, elapsed_time, mem_used, max_mem_used, key, value
2022-10-10 17:52:12, 37350, start_block_data_read, , 56.7, 2711604, band, CLOUD
2022-10-10 17:52:16, 37350, end_block_data_read, 3.055, 89.6, 5727024, band, CLOUD
2022-10-10 17:52:16, 37350, start_block_data_process, 5.388e-05, 89.6, 5727024, band, CLOUD
2022-10-10 17:52:16, 37350, end_block_data_process, 0.001247, 89.7, 5727024, band, CLOUD
2022-10-10 17:52:16, 37350, start_block_data_process, 4.387e-05, 89.7, 5727024, cloud_mask, cloud_mask
2022-10-10 17:52:16, 37350, end_block_data_process, 0.0054, 89, 5727024, cloud_bit_mask, 0
2022-10-10 17:52:16, 37350, start_block_data_read, 0.001237, 89, 5727024, band, NDVI
2022-10-10 17:52:16, 37350, end_block_data_read, 0.08947, 90.5, 5727024, band, NDVI
2022-10-10 17:52:16, 37350, start_block_data_process, 3.791e-05, 90.5, 5727024, band, NDVI
2022-10-10 17:52:16, 37350, end_block_data_process, 0.003439, 90.5, 5727024, band, NDVI
2022-10-10 17:52:17, 37350, start_block_data_process, 5.102e-05, 90.5, 5727024, process, cloud-impute-filter
2022-10-10 17:52:17, 37350, end_block_data_process, 0.00515, 88, 5727024, band, NDVI
2022-10-10 17:52:17, 37350, start_block_data_read, 0.002812, 88, 5727024, band, EVI
2022-10-10 17:52:17, 37350, end_block_data_read, 0.06722, 89.3, 5727024, band, EVI
2022-10-10 17:52:17, 37350, start_block_data_process, 3.6e-05, 89.3, 5727024, band, EVI
2022-10-10 17:52:17, 37350, end_block_data_process, 0.003616, 89.3, 5727024, band, EVI
2022-10-10 17:52:17, 37350, start_block_data_process, 5.102e-05, 89.3, 5727024, process, cloud-impute-filter
2022-10-10 17:52:17, 37350, end_block_data_process, 0.003799, 89.3, 5727024, band, EVI
2022-10-10 17:52:17, 37350, start_block_data_classification, 0.005884, 88.8, 5727024, model, rfor_model
2022-10-10 17:52:18, 37350, end_block_data_classification, 0.1106, 87.1, 7278847, model, rfor_model
2022-10-10 17:52:18, 37350, start_block_data_save, 0.0004239, 87.1, 7278847, file, ./.sits/TERRA_MODIS_012010_2013-09-14_2014-08-29_probs_v1_block_9_1.tif
2022-10-10 17:52:18, 37350, end_block_data_save, 0.1072, 88.3, 7278847, file, ./.sits/TERRA_MODIS_012010_2013-09-14_2014-08-29_probs_v1_block_9_1.tif
2022-10-10 17:52:18, 37350, start_block_data_read, 0.1216, 90.1, 7278847, band, CLOUD
2022-10-10 17:52:18, 37350, end_block_data_read, 0.0601, 91.4, 7278847, band, CLOUD
2022-10-10 17:52:18, 37350, start_block_data_process, 3.6e-05, 91.4, 7278847, band, CLOUD
2022-10-10 17:52:19, 37350, end_block_data_process, 0.0002949, 91.4, 7278847, band, CLOUD
2022-10-10 17:52:19, 37350, start_block_data_process, 3.695e-05, 91.4, 7278847, cloud_mask, cloud_mask
2022-10-10 17:52:19, 37350, end_block_data_process, 0.004643, 90.8, 7278847, cloud_bit_mask, 0
2022-10-10 17:52:19, 37350, start_block_data_read, 0.001485, 90.8, 7278847, band, NDVI
2022-10-10 17:52:19, 37350, end_block_data_read, 0.06819, 92.1, 7278847, band, NDVI
2022-10-10 17:52:19, 37350, start_block_data_process, 4.506e-05, 92.1, 7278847, band, NDVI
2022-10-10 17:52:19, 37350, end_block_data_process, 0.003067, 92.1, 7278847, band, NDVI
2022-10-10 17:52:19, 37350, start_block_data_process, 6.7e-05, 92.1, 7278847, process, cloud-impute-filter
2022-10-10 17:52:19, 37350, end_block_data_process, 0.003658, 89.6, 7278847, band, NDVI
2022-10-10 17:52:20, 37350, start_block_data_read, 0.001115, 89.6, 7278847, band, EVI
2022-10-10 17:52:20, 37350, end_block_data_read, 0.09586, 90.9, 7278847, band, EVI
2022-10-10 17:52:20, 37350, start_block_data_process, 4.101e-05, 90.9, 7278847, band, EVI
2022-10-10 17:52:20, 37350, end_block_data_process, 0.003727, 90.9, 7278847, band, EVI
2022-10-10 17:52:20, 37350, start_block_data_process, 8.082e-05, 90.9, 7278847, process, cloud-impute-filter
2022-10-10 17:52:20, 37350, end_block_data_process, 0.004136, 90.9, 7278847, band, EVI
2022-10-10 17:52:20, 37350, start_block_data_classification, 0.002062, 90.3, 7278847, model, rfor_model
2022-10-10 17:52:21, 37350, end_block_data_classification, 0.06437, 88.1, 7278847, model, rfor_model
2022-10-10 17:52:21, 37350, start_block_data_save, 0.0002239, 88.1, 7278847, file, ./.sits/TERRA_MODIS_012010_2013-09-14_2014-08-29_probs_v1_block_25_1.tif
2022-10-10 17:52:21, 37350, end_block_data_save, 0.2073, 88.3, 7278847, file, ./.sits/TERRA_MODIS_012010_2013-09-14_2014-08-29_probs_v1_block_25_1.tif
2022-10-10 17:52:21, 37350, start_block_data_read, 0.2068, 90.1, 7278847, band, CLOUD
2022-10-10 17:52:21, 37350, end_block_data_read, 0.06521, 91.6, 7278847, band, CLOUD
2022-10-10 17:52:22, 37350, start_block_data_process, 3.91e-05, 91.5, 7278847, band, CLOUD
2022-10-10 17:52:22, 37350, end_block_data_process, 0.000916, 91.5, 7278847, band, CLOUD
2022-10-10 17:52:22, 37350, start_block_data_process, 4.196e-05, 91.5, 7278847, cloud_mask, cloud_mask
2022-10-10 17:52:22, 37350, end_block_data_process, 0.007103, 90.8, 7278847, cloud_bit_mask, 0
2022-10-10 17:52:22, 37350, start_block_data_read, 0.001076, 90.8, 7278847, band, NDVI
2022-10-10 17:52:22, 37350, end_block_data_read, 0.06231, 92.2, 7278847, band, NDVI
2022-10-10 17:52:22, 37350, start_block_data_process, 4.506e-05, 92.1, 7278847, band, NDVI
2022-10-10 17:52:23, 37350, end_block_data_process, 0.002084, 92.1, 7278847, band, NDVI
2022-10-10 17:52:23, 37350, start_block_data_process, 6.294e-05, 92.1, 7278847, process, cloud-impute-filter
2022-10-10 17:52:23, 37350, end_block_data_process, 0.006033, 89.6, 7278847, band, NDVI
2022-10-10 17:52:23, 37350, start_block_data_read, 0.00101, 89.6, 7278847, band, EVI
2022-10-10 17:52:23, 37350, end_block_data_read, 0.06514, 90.9, 7278847, band, EVI
2022-10-10 17:52:23, 37350, start_block_data_process, 4.005e-05, 90.9, 7278847, band, EVI
2022-10-10 17:52:23, 37350, end_block_data_process, 0.003364, 90.9, 7278847, band, EVI
2022-10-10 17:52:23, 37350, start_block_data_process, 6.104e-05, 90.9, 7278847, process, cloud-impute-filter
2022-10-10 17:52:24, 37350, end_block_data_process, 0.007384, 90.9, 7278847, band, EVI
2022-10-10 17:52:24, 37350, start_block_data_classification, 0.005726, 90.3, 7278847, model, rfor_model
2022-10-10 17:52:24, 37350, end_block_data_classification, 0.1414, 88.2, 7278847, model, rfor_model
2022-10-10 17:52:24, 37350, start_block_data_save, 0.000252, 88.2, 7278847, file, ./.sits/TERRA_MODIS_012010_2013-09-14_2014-08-29_probs_v1_block_41_1.tif
2022-10-10 17:52:24, 37350, end_block_data_save, 0.07578, 88.3, 7278847, file, ./.sits/TERRA_MODIS_012010_2013-09-14_2014-08-29_probs_v1_block_41_1.tif
2022-10-10 17:52:25, 37350, start_block_data_read, 0.1256, 90.1, 7278847, band, CLOUD
2022-10-10 17:52:25, 37350, end_block_data_read, 0.09734, 91.6, 7278847, band, CLOUD
2022-10-10 17:52:25, 37350, start_block_data_process, 4.792e-05, 91.5, 7278847, band, CLOUD
2022-10-10 17:52:25, 37350, end_block_data_process, 0.0002182, 91.5, 7278847, band, CLOUD
2022-10-10 17:52:25, 37350, start_block_data_process, 4.292e-05, 91.5, 7278847, cloud_mask, cloud_mask
2022-10-10 17:52:25, 37350, end_block_data_process, 0.00486, 90.8, 7278847, cloud_bit_mask, 0
2022-10-10 17:52:25, 37350, start_block_data_read, 0.001215, 90.8, 7278847, band, NDVI
2022-10-10 17:52:25, 37350, end_block_data_read, 0.07718, 92.2, 7278847, band, NDVI
2022-10-10 17:52:26, 37350, start_block_data_process, 7.2e-05, 92.1, 7278847, band, NDVI
2022-10-10 17:52:26, 37350, end_block_data_process, 0.002868, 92.1, 7278847, band, NDVI
2022-10-10 17:52:26, 37350, start_block_data_process, 5.603e-05, 92.1, 7278847, process, cloud-impute-filter
2022-10-10 17:52:26, 37350, end_block_data_process, 0.004156, 89.6, 7278847, band, NDVI
2022-10-10 17:52:26, 37350, start_block_data_read, 0.001052, 89.6, 7278847, band, EVI
2022-10-10 17:52:26, 37350, end_block_data_read, 0.07186, 90.9, 7278847, band, EVI
2022-10-10 17:52:26, 37350, start_block_data_process, 5.007e-05, 90.9, 7278847, band, EVI
2022-10-10 17:52:26, 37350, end_block_data_process, 0.001942, 90.9, 7278847, band, EVI
2022-10-10 17:52:27, 37350, start_block_data_process, 5.507e-05, 90.9, 7278847, process, cloud-impute-filter
2022-10-10 17:52:27, 37350, end_block_data_process, 0.003795, 90.9, 7278847, band, EVI
2022-10-10 17:52:27, 37350, start_block_data_classification, 0.002471, 90.3, 7278847, model, rfor_model
2022-10-10 17:52:27, 37350, end_block_data_classification, 0.06919, 88.2, 7278847, model, rfor_model
2022-10-10 17:52:27, 37350, start_block_data_save, 0.0001819, 88.2, 7278847, file, ./.sits/TERRA_MODIS_012010_2013-09-14_2014-08-29_probs_v1_block_57_1.tif
2022-10-10 17:52:27, 37350, end_block_data_save, 0.0687, 88.3, 7278847, file, ./.sits/TERRA_MODIS_012010_2013-09-14_2014-08-29_probs_v1_block_57_1.tif
2022-10-10 17:52:27, 37350, start_block_data_read, 0.1184, 90.1, 7278847, band, CLOUD
2022-10-10 17:52:27, 37350, end_block_data_read, 0.06438, 91.6, 7278847, band, CLOUD
2022-10-10 17:52:28, 37350, start_block_data_process, 3.695e-05, 91.5, 7278847, band, CLOUD
2022-10-10 17:52:28, 37350, end_block_data_process, 0.000246, 91.5, 7278847, band, CLOUD
2022-10-10 17:52:28, 37350, start_block_data_process, 4.196e-05, 91.5, 7278847, cloud_mask, cloud_mask
2022-10-10 17:52:28, 37350, end_block_data_process, 0.004628, 90.8, 7278847, cloud_bit_mask, 0
2022-10-10 17:52:28, 37350, start_block_data_read, 0.0009439, 90.8, 7278847, band, NDVI
2022-10-10 17:52:28, 37350, end_block_data_read, 0.0582, 92.2, 7278847, band, NDVI
2022-10-10 17:52:28, 37350, start_block_data_process, 4.101e-05, 92.1, 7278847, band, NDVI
2022-10-10 17:52:28, 37350, end_block_data_process, 0.002406, 92.1, 7278847, band, NDVI
2022-10-10 17:52:28, 37350, start_block_data_process, 5.507e-05, 92.1, 7278847, process, cloud-impute-filter
2022-10-10 17:52:28, 37350, end_block_data_process, 0.007425, 89.6, 7278847, band, NDVI
2022-10-10 17:52:29, 37350, start_block_data_read, 0.001448, 89.6, 7278847, band, EVI
2022-10-10 17:52:29, 37350, end_block_data_read, 0.09558, 90.9, 7278847, band, EVI
2022-10-10 17:52:29, 37350, start_block_data_process, 0.0001609, 90.9, 7278847, band, EVI
2022-10-10 17:52:29, 37350, end_block_data_process, 0.001825, 90.9, 7278847, band, EVI
2022-10-10 17:52:29, 37350, start_block_data_process, 5.317e-05, 90.9, 7278847, process, cloud-impute-filter
2022-10-10 17:52:29, 37350, end_block_data_process, 0.003436, 90.9, 7278847, band, EVI
2022-10-10 17:52:29, 37350, start_block_data_classification, 0.002167, 90.3, 7278847, model, rfor_model
2022-10-10 17:52:30, 37350, end_block_data_classification, 0.1237, 88.2, 7278847, model, rfor_model
2022-10-10 17:52:30, 37350, start_block_data_save, 0.0002432, 88.2, 7278847, file, ./.sits/TERRA_MODIS_012010_2013-09-14_2014-08-29_probs_v1_block_73_1.tif
2022-10-10 17:52:30, 37350, end_block_data_save, 0.08218, 88.3, 7278847, file, ./.sits/TERRA_MODIS_012010_2013-09-14_2014-08-29_probs_v1_block_73_1.tif
2022-10-10 17:52:30, 37350, start_block_data_read, 0.1553, 90.1, 7278847, band, CLOUD
2022-10-10 17:52:30, 37350, end_block_data_read, 0.06206, 91.6, 7278847, band, CLOUD
2022-10-10 17:52:30, 37350, start_block_data_process, 3.886e-05, 91.5, 7278847, band, CLOUD
2022-10-10 17:52:31, 37350, end_block_data_process, 0.0002179, 91.5, 7278847, band, CLOUD
2022-10-10 17:52:31, 37350, start_block_data_process, 9.799e-05, 91.5, 7278847, cloud_mask, cloud_mask
2022-10-10 17:52:31, 37350, end_block_data_process, 0.0063, 90.8, 7278847, cloud_bit_mask, 0
2022-10-10 17:52:31, 37350, start_block_data_read, 0.001058, 90.8, 7278847, band, NDVI
2022-10-10 17:52:31, 37350, end_block_data_read, 0.06956, 92.2, 7278847, band, NDVI
2022-10-10 17:52:31, 37350, start_block_data_process, 6.7e-05, 92.1, 7278847, band, NDVI
2022-10-10 17:52:31, 37350, end_block_data_process, 0.001764, 92.1, 7278847, band, NDVI
2022-10-10 17:52:31, 37350, start_block_data_process, 5.198e-05, 92.1, 7278847, process, cloud-impute-filter
2022-10-10 17:52:31, 37350, end_block_data_process, 0.003841, 89.6, 7278847, band, NDVI
2022-10-10 17:52:32, 37350, start_block_data_read, 0.001041, 89.6, 7278847, band, EVI
2022-10-10 17:52:32, 37350, end_block_data_read, 0.07356, 90.9, 7278847, band, EVI
2022-10-10 17:52:32, 37350, start_block_data_process, 3.886e-05, 90.9, 7278847, band, EVI
2022-10-10 17:52:32, 37350, end_block_data_process, 0.002002, 90.9, 7278847, band, EVI
2022-10-10 17:52:32, 37350, start_block_data_process, 5.507e-05, 90.9, 7278847, process, cloud-impute-filter
2022-10-10 17:52:32, 37350, end_block_data_process, 0.005372, 90.9, 7278847, band, EVI
2022-10-10 17:52:32, 37350, start_block_data_classification, 0.001988, 90.3, 7278847, model, rfor_model
2022-10-10 17:52:32, 37350, end_block_data_classification, 0.06025, 88.2, 7278847, model, rfor_model
2022-10-10 17:52:32, 37350, start_block_data_save, 0.000201, 88.2, 7278847, file, ./.sits/TERRA_MODIS_012010_2013-09-14_2014-08-29_probs_v1_block_89_1.tif
2022-10-10 17:52:33, 37350, end_block_data_save, 0.07004, 88.3, 7278847, file, ./.sits/TERRA_MODIS_012010_2013-09-14_2014-08-29_probs_v1_block_89_1.tif
2022-10-10 17:52:33, 37350, start_block_data_read, 0.1909, 90.1, 7278847, band, CLOUD
2022-10-10 17:52:33, 37350, end_block_data_read, 0.06589, 91.6, 7278847, band, CLOUD
2022-10-10 17:52:33, 37350, start_block_data_process, 3.505e-05, 91.5, 7278847, band, CLOUD
2022-10-10 17:52:33, 37350, end_block_data_process, 0.000201, 91.5, 7278847, band, CLOUD
2022-10-10 17:52:33, 37350, start_block_data_process, 3.695e-05, 91.5, 7278847, cloud_mask, cloud_mask
2022-10-10 17:52:33, 37350, end_block_data_process, 0.004448, 90.8, 7278847, cloud_bit_mask, 0
2022-10-10 17:52:34, 37350, start_block_data_read, 0.0009558, 90.8, 7278847, band, NDVI
2022-10-10 17:52:34, 37350, end_block_data_read, 0.06493, 92.2, 7278847, band, NDVI
2022-10-10 17:52:34, 37350, start_block_data_process, 3.505e-05, 92.1, 7278847, band, NDVI
2022-10-10 17:52:34, 37350, end_block_data_process, 0.002049, 92.1, 7278847, band, NDVI
2022-10-10 17:52:34, 37350, start_block_data_process, 5.007e-05, 92.1, 7278847, process, cloud-impute-filter
2022-10-10 17:52:34, 37350, end_block_data_process, 0.003705, 89.6, 7278847, band, NDVI
2022-10-10 17:52:34, 37350, start_block_data_read, 0.000807, 89.6, 7278847, band, EVI
2022-10-10 17:52:34, 37350, end_block_data_read, 0.06454, 90.9, 7278847, band, EVI
2022-10-10 17:52:34, 37350, start_block_data_process, 3.6e-05, 90.9, 7278847, band, EVI
2022-10-10 17:52:34, 37350, end_block_data_process, 0.00178, 90.9, 7278847, band, EVI
2022-10-10 17:52:35, 37350, start_block_data_process, 6.7e-05, 90.9, 7278847, process, cloud-impute-filter
2022-10-10 17:52:35, 37350, end_block_data_process, 0.003345, 90.9, 7278847, band, EVI
2022-10-10 17:52:35, 37350, start_block_data_classification, 0.001896, 90.3, 7278847, model, rfor_model
2022-10-10 17:52:35, 37350, end_block_data_classification, 0.1258, 88.2, 7278847, model, rfor_model
2022-10-10 17:52:35, 37350, start_block_data_save, 0.0002952, 88.2, 7278847, file, ./.sits/TERRA_MODIS_012010_2013-09-14_2014-08-29_probs_v1_block_105_1.tif
2022-10-10 17:52:35, 37350, end_block_data_save, 0.08508, 88.3, 7278847, file, ./.sits/TERRA_MODIS_012010_2013-09-14_2014-08-29_probs_v1_block_105_1.tif
2022-10-10 17:52:36, 37350, start_block_data_read, 0.176, 90.1, 7278847, band, CLOUD
2022-10-10 17:52:36, 37350, end_block_data_read, 0.1247, 91.6, 7278847, band, CLOUD
2022-10-10 17:52:36, 37350, start_block_data_process, 6.104e-05, 91.5, 7278847, band, CLOUD
2022-10-10 17:52:36, 37350, end_block_data_process, 0.0002129, 91.5, 7278847, band, CLOUD
2022-10-10 17:52:36, 37350, start_block_data_process, 4.983e-05, 91.5, 7278847, cloud_mask, cloud_mask
2022-10-10 17:52:37, 37350, end_block_data_process, 0.005113, 90.8, 7278847, cloud_bit_mask, 0
2022-10-10 17:52:37, 37350, start_block_data_read, 0.0009789, 90.8, 7278847, band, NDVI
2022-10-10 17:52:37, 37350, end_block_data_read, 0.06784, 92.2, 7278847, band, NDVI
2022-10-10 17:52:37, 37350, start_block_data_process, 4.101e-05, 92.1, 7278847, band, NDVI
2022-10-10 17:52:37, 37350, end_block_data_process, 0.001892, 92.1, 7278847, band, NDVI
2022-10-10 17:52:37, 37350, start_block_data_process, 6.7e-05, 92.1, 7278847, process, cloud-impute-filter
2022-10-10 17:52:37, 37350, end_block_data_process, 0.003956, 89.6, 7278847, band, NDVI
2022-10-10 17:52:37, 37350, start_block_data_read, 0.001228, 89.6, 7278847, band, EVI
2022-10-10 17:52:38, 37350, end_block_data_read, 0.09832, 90.9, 7278847, band, EVI
2022-10-10 17:52:38, 37350, start_block_data_process, 0.000232, 90.9, 7278847, band, EVI
2022-10-10 17:52:38, 37350, end_block_data_process, 0.005684, 90.9, 7278847, band, EVI
2022-10-10 17:52:38, 37350, start_block_data_process, 5.102e-05, 90.9, 7278847, process, cloud-impute-filter
2022-10-10 17:52:38, 37350, end_block_data_process, 0.003818, 90.9, 7278847, band, EVI
2022-10-10 17:52:38, 37350, start_block_data_classification, 0.001996, 90.3, 7278847, model, rfor_model
2022-10-10 17:52:38, 37350, end_block_data_classification, 0.07269, 88.2, 7278847, model, rfor_model
2022-10-10 17:52:38, 37350, start_block_data_save, 0.000222, 88.2, 7278847, file, ./.sits/TERRA_MODIS_012010_2013-09-14_2014-08-29_probs_v1_block_121_1.tif
2022-10-10 17:52:39, 37350, end_block_data_save, 0.1074, 88.3, 7278847, file, ./.sits/TERRA_MODIS_012010_2013-09-14_2014-08-29_probs_v1_block_121_1.tif
2022-10-10 17:52:39, 37350, start_block_data_read, 0.193, 90.1, 7278847, band, CLOUD
2022-10-10 17:52:39, 37350, end_block_data_read, 0.06493, 91.6, 7278847, band, CLOUD
2022-10-10 17:52:39, 37350, start_block_data_process, 3.6e-05, 91.5, 7278847, band, CLOUD
2022-10-10 17:52:39, 37350, end_block_data_process, 0.0002151, 91.5, 7278847, band, CLOUD
2022-10-10 17:52:39, 37350, start_block_data_process, 0.0001619, 91.5, 7278847, cloud_mask, cloud_mask
2022-10-10 17:52:40, 37350, end_block_data_process, 0.004672, 90.8, 7278847, cloud_bit_mask, 0
2022-10-10 17:52:40, 37350, start_block_data_read, 0.001302, 90.8, 7278847, band, NDVI
2022-10-10 17:52:40, 37350, end_block_data_read, 0.06329, 92.2, 7278847, band, NDVI
2022-10-10 17:52:40, 37350, start_block_data_process, 4.601e-05, 92.1, 7278847, band, NDVI
2022-10-10 17:52:40, 37350, end_block_data_process, 0.00427, 92.1, 7278847, band, NDVI
2022-10-10 17:52:40, 37350, start_block_data_process, 5.484e-05, 92.1, 7278847, process, cloud-impute-filter
2022-10-10 17:52:40, 37350, end_block_data_process, 0.005843, 89.6, 7278847, band, NDVI
2022-10-10 17:52:41, 37350, start_block_data_read, 0.002021, 89.6, 7278847, band, EVI
2022-10-10 17:52:41, 37350, end_block_data_read, 0.1062, 90.9, 7278847, band, EVI
2022-10-10 17:52:41, 37350, start_block_data_process, 4.196e-05, 90.9, 7278847, band, EVI
2022-10-10 17:52:41, 37350, end_block_data_process, 0.002618, 90.9, 7278847, band, EVI
2022-10-10 17:52:41, 37350, start_block_data_process, 0.0002451, 90.9, 7278847, process, cloud-impute-filter
2022-10-10 17:52:41, 37350, end_block_data_process, 0.004146, 90.9, 7278847, band, EVI
2022-10-10 17:52:42, 37350, start_block_data_classification, 0.002053, 90.3, 7278847, model, rfor_model
2022-10-10 17:52:42, 37350, end_block_data_classification, 0.1201, 88.2, 7278847, model, rfor_model
2022-10-10 17:52:42, 37350, start_block_data_save, 0.0001931, 88.2, 7278847, file, ./.sits/TERRA_MODIS_012010_2013-09-14_2014-08-29_probs_v1_block_137_1.tif
2022-10-10 17:52:42, 37350, end_block_data_save, 0.08929, 88.3, 7278847, file, ./.sits/TERRA_MODIS_012010_2013-09-14_2014-08-29_probs_v1_block_137_1.tif
2022-10-10 17:52:42, 37350, start_block_data_read, 0.1278, 90.1, 7278847, band, CLOUD
2022-10-10 17:52:43, 37350, end_block_data_read, 0.06482, 91.6, 7278847, band, CLOUD
2022-10-10 17:52:43, 37350, start_block_data_process, 3.695e-05, 91.5, 7278847, band, CLOUD
2022-10-10 17:52:43, 37350, end_block_data_process, 0.000241, 91.5, 7278847, band, CLOUD
2022-10-10 17:52:43, 37350, start_block_data_process, 6.485e-05, 91.5, 7278847, cloud_mask, cloud_mask
2022-10-10 17:52:43, 37350, end_block_data_process, 0.008153, 90.8, 7278847, cloud_bit_mask, 0
2022-10-10 17:52:43, 37350, start_block_data_read, 0.001024, 90.8, 7278847, band, NDVI
2022-10-10 17:52:43, 37350, end_block_data_read, 0.06417, 92.2, 7278847, band, NDVI
2022-10-10 17:52:43, 37350, start_block_data_process, 3.91e-05, 92.1, 7278847, band, NDVI
2022-10-10 17:52:44, 37350, end_block_data_process, 0.001876, 92.1, 7278847, band, NDVI
2022-10-10 17:52:44, 37350, start_block_data_process, 5.198e-05, 92.1, 7278847, process, cloud-impute-filter
2022-10-10 17:52:44, 37350, end_block_data_process, 0.004217, 89.6, 7278847, band, NDVI
2022-10-10 17:52:44, 37350, start_block_data_read, 0.00089, 89.6, 7278847, band, EVI
2022-10-10 17:52:44, 37350, end_block_data_read, 0.06114, 90.9, 7278847, band, EVI
2022-10-10 17:52:44, 37350, start_block_data_process, 3.505e-05, 90.9, 7278847, band, EVI
2022-10-10 17:52:44, 37350, end_block_data_process, 0.002654, 90.9, 7278847, band, EVI
2022-10-10 17:52:44, 37350, start_block_data_process, 7.319e-05, 90.9, 7278847, process, cloud-impute-filter
2022-10-10 17:52:44, 37350, end_block_data_process, 0.004495, 90.9, 7278847, band, EVI
2022-10-10 17:52:44, 37350, start_block_data_classification, 0.003451, 90.3, 7278847, model, rfor_model
2022-10-10 17:52:45, 37350, end_block_data_classification, 0.06568, 88.2, 7278847, model, rfor_model
2022-10-10 17:52:45, 37350, start_block_data_save, 0.0002921, 88.2, 7278847, file, ./.sits/TERRA_MODIS_012010_2013-09-14_2014-08-29_probs_v1_block_153_1.tif
2022-10-10 17:52:45, 37350, end_block_data_save, 0.07303, 88.3, 7278847, file, ./.sits/TERRA_MODIS_012010_2013-09-14_2014-08-29_probs_v1_block_153_1.tif
2022-10-10 17:52:45, 37350, start_block_data_read, 0.1775, 90.1, 7278847, band, CLOUD
2022-10-10 17:52:45, 37350, end_block_data_read, 0.06879, 91.6, 7278847, band, CLOUD
2022-10-10 17:52:45, 37350, start_block_data_process, 4.816e-05, 91.5, 7278847, band, CLOUD
2022-10-10 17:52:46, 37350, end_block_data_process, 0.0002539, 91.5, 7278847, band, CLOUD
2022-10-10 17:52:46, 37350, start_block_data_process, 4.506e-05, 91.5, 7278847, cloud_mask, cloud_mask
2022-10-10 17:52:46, 37350, end_block_data_process, 0.005586, 90.8, 7278847, cloud_bit_mask, 0
2022-10-10 17:52:46, 37350, start_block_data_read, 0.001252, 90.8, 7278847, band, NDVI
2022-10-10 17:52:46, 37350, end_block_data_read, 0.06966, 92.2, 7278847, band, NDVI
2022-10-10 17:52:46, 37350, start_block_data_process, 4.601e-05, 92.1, 7278847, band, NDVI
2022-10-10 17:52:46, 37350, end_block_data_process, 0.001881, 92.1, 7278847, band, NDVI
2022-10-10 17:52:46, 37350, start_block_data_process, 5.102e-05, 92.1, 7278847, process, cloud-impute-filter
2022-10-10 17:52:46, 37350, end_block_data_process, 0.005011, 89.6, 7278847, band, NDVI
2022-10-10 17:52:47, 37350, start_block_data_read, 0.001137, 89.6, 7278847, band, EVI
2022-10-10 17:52:47, 37350, end_block_data_read, 0.06364, 90.9, 7278847, band, EVI
2022-10-10 17:52:47, 37350, start_block_data_process, 3.505e-05, 90.9, 7278847, band, EVI
2022-10-10 17:52:47, 37350, end_block_data_process, 0.001976, 90.9, 7278847, band, EVI
2022-10-10 17:52:47, 37350, start_block_data_process, 4.888e-05, 90.9, 7278847, process, cloud-impute-filter
2022-10-10 17:52:47, 37350, end_block_data_process, 0.004057, 90.9, 7278847, band, EVI
2022-10-10 17:52:47, 37350, start_block_data_classification, 0.002931, 90.3, 7278847, model, rfor_model
2022-10-10 17:52:47, 37350, end_block_data_classification, 0.06654, 88.2, 7278847, model, rfor_model
2022-10-10 17:52:47, 37350, start_block_data_save, 0.0002122, 88.2, 7278847, file, ./.sits/TERRA_MODIS_012010_2013-09-14_2014-08-29_probs_v1_block_169_1.tif
2022-10-10 17:52:48, 37350, end_block_data_save, 0.07346, 88.3, 7278847, file, ./.sits/TERRA_MODIS_012010_2013-09-14_2014-08-29_probs_v1_block_169_1.tif
2022-10-10 17:52:48, 37350, start_block_data_read, 0.107, 90.1, 7278847, band, CLOUD
2022-10-10 17:52:48, 37350, end_block_data_read, 0.06441, 91.6, 7278847, band, CLOUD
2022-10-10 17:52:48, 37350, start_block_data_process, 3.91e-05, 91.5, 7278847, band, CLOUD
2022-10-10 17:52:48, 37350, end_block_data_process, 0.0004489, 91.5, 7278847, band, CLOUD
2022-10-10 17:52:48, 37350, start_block_data_process, 3.791e-05, 91.5, 7278847, cloud_mask, cloud_mask
2022-10-10 17:52:48, 37350, end_block_data_process, 0.00433, 90.8, 7278847, cloud_bit_mask, 0
2022-10-10 17:52:48, 37350, start_block_data_read, 0.0008829, 90.8, 7278847, band, NDVI
2022-10-10 17:52:48, 37350, end_block_data_read, 0.06091, 92.2, 7278847, band, NDVI
2022-10-10 17:52:49, 37350, start_block_data_process, 3.695e-05, 92.1, 7278847, band, NDVI
2022-10-10 17:52:49, 37350, end_block_data_process, 0.001886, 92.1, 7278847, band, NDVI
2022-10-10 17:52:49, 37350, start_block_data_process, 5.794e-05, 92.1, 7278847, process, cloud-impute-filter
2022-10-10 17:52:49, 37350, end_block_data_process, 0.003349, 89.6, 7278847, band, NDVI
2022-10-10 17:52:49, 37350, start_block_data_read, 0.000988, 89.6, 7278847, band, EVI
2022-10-10 17:52:49, 37350, end_block_data_read, 0.06204, 90.9, 7278847, band, EVI
2022-10-10 17:52:49, 37350, start_block_data_process, 3.695e-05, 90.9, 7278847, band, EVI
2022-10-10 17:52:49, 37350, end_block_data_process, 0.002055, 90.9, 7278847, band, EVI
2022-10-10 17:52:50, 37350, start_block_data_process, 0.0003541, 90.9, 7278847, process, cloud-impute-filter
2022-10-10 17:52:50, 37350, end_block_data_process, 0.003472, 90.9, 7278847, band, EVI
2022-10-10 17:52:50, 37350, start_block_data_classification, 0.001983, 90.3, 7278847, model, rfor_model
2022-10-10 17:52:50, 37350, end_block_data_classification, 0.062, 88.2, 7278847, model, rfor_model
2022-10-10 17:52:50, 37350, start_block_data_save, 0.0002391, 88.2, 7278847, file, ./.sits/TERRA_MODIS_012010_2013-09-14_2014-08-29_probs_v1_block_185_1.tif
2022-10-10 17:52:50, 37350, end_block_data_save, 0.09436, 88.3, 7278847, file, ./.sits/TERRA_MODIS_012010_2013-09-14_2014-08-29_probs_v1_block_185_1.tif
2022-10-10 17:52:50, 37350, start_block_data_read, 0.1218, 90.1, 7278847, band, CLOUD
2022-10-10 17:52:51, 37350, end_block_data_read, 0.06838, 91.6, 7278847, band, CLOUD
2022-10-10 17:52:51, 37350, start_block_data_process, 3.791e-05, 91.5, 7278847, band, CLOUD
2022-10-10 17:52:51, 37350, end_block_data_process, 0.0002651, 91.5, 7278847, band, CLOUD
2022-10-10 17:52:51, 37350, start_block_data_process, 3.695e-05, 91.5, 7278847, cloud_mask, cloud_mask
2022-10-10 17:52:51, 37350, end_block_data_process, 0.006328, 90.8, 7278847, cloud_bit_mask, 0
2022-10-10 17:52:51, 37350, start_block_data_read, 0.001207, 90.8, 7278847, band, NDVI
2022-10-10 17:52:51, 37350, end_block_data_read, 0.06916, 92.2, 7278847, band, NDVI
2022-10-10 17:52:51, 37350, start_block_data_process, 7.105e-05, 92.1, 7278847, band, NDVI
2022-10-10 17:52:51, 37350, end_block_data_process, 0.002257, 92.1, 7278847, band, NDVI
2022-10-10 17:52:51, 37350, start_block_data_process, 5.388e-05, 92.1, 7278847, process, cloud-impute-filter
2022-10-10 17:52:52, 37350, end_block_data_process, 0.005272, 89.6, 7278847, band, NDVI
2022-10-10 17:52:52, 37350, start_block_data_read, 0.00122, 89.6, 7278847, band, EVI
2022-10-10 17:52:52, 37350, end_block_data_read, 0.1017, 90.9, 7278847, band, EVI
2022-10-10 17:52:52, 37350, start_block_data_process, 4.196e-05, 90.9, 7278847, band, EVI
2022-10-10 17:52:52, 37350, end_block_data_process, 0.002036, 90.9, 7278847, band, EVI
2022-10-10 17:52:52, 37350, start_block_data_process, 7.296e-05, 90.9, 7278847, process, cloud-impute-filter
2022-10-10 17:52:53, 37350, end_block_data_process, 0.004301, 90.9, 7278847, band, EVI
2022-10-10 17:52:53, 37350, start_block_data_classification, 0.003371, 90.3, 7278847, model, rfor_model
2022-10-10 17:52:53, 37350, end_block_data_classification, 0.06798, 88.2, 7278847, model, rfor_model
2022-10-10 17:52:53, 37350, start_block_data_save, 0.00018, 88.2, 7278847, file, ./.sits/TERRA_MODIS_012010_2013-09-14_2014-08-29_probs_v1_block_201_1.tif
2022-10-10 17:52:53, 37350, end_block_data_save, 0.07751, 88.3, 7278847, file, ./.sits/TERRA_MODIS_012010_2013-09-14_2014-08-29_probs_v1_block_201_1.tif
2022-10-10 17:52:53, 37350, start_block_data_read, 0.1813, 90.1, 7278847, band, CLOUD
2022-10-10 17:52:54, 37350, end_block_data_read, 0.09269, 91.6, 7278847, band, CLOUD
2022-10-10 17:52:54, 37350, start_block_data_process, 6.986e-05, 91.5, 7278847, band, CLOUD
2022-10-10 17:52:54, 37350, end_block_data_process, 0.000272, 91.5, 7278847, band, CLOUD
2022-10-10 17:52:54, 37350, start_block_data_process, 9.203e-05, 91.5, 7278847, cloud_mask, cloud_mask
2022-10-10 17:52:54, 37350, end_block_data_process, 0.004742, 90.8, 7278847, cloud_bit_mask, 0
2022-10-10 17:52:54, 37350, start_block_data_read, 0.000968, 90.8, 7278847, band, NDVI
2022-10-10 17:52:54, 37350, end_block_data_read, 0.06016, 92.2, 7278847, band, NDVI
2022-10-10 17:52:54, 37350, start_block_data_process, 3.791e-05, 92.1, 7278847, band, NDVI
2022-10-10 17:52:55, 37350, end_block_data_process, 0.002349, 92.1, 7278847, band, NDVI
2022-10-10 17:52:55, 37350, start_block_data_process, 0.0001001, 92.1, 7278847, process, cloud-impute-filter
2022-10-10 17:52:55, 37350, end_block_data_process, 0.005408, 89.6, 7278847, band, NDVI
2022-10-10 17:52:55, 37350, start_block_data_read, 0.001105, 89.6, 7278847, band, EVI
2022-10-10 17:52:55, 37350, end_block_data_read, 0.06717, 90.9, 7278847, band, EVI
2022-10-10 17:52:55, 37350, start_block_data_process, 5.198e-05, 90.9, 7278847, band, EVI
2022-10-10 17:52:55, 37350, end_block_data_process, 0.002585, 90.9, 7278847, band, EVI
2022-10-10 17:52:55, 37350, start_block_data_process, 5.698e-05, 90.9, 7278847, process, cloud-impute-filter
2022-10-10 17:52:55, 37350, end_block_data_process, 0.00413, 90.9, 7278847, band, EVI
2022-10-10 17:52:56, 37350, start_block_data_classification, 0.002237, 90.3, 7278847, model, rfor_model
2022-10-10 17:52:56, 37350, end_block_data_classification, 0.08216, 88.2, 7278847, model, rfor_model
2022-10-10 17:52:56, 37350, start_block_data_save, 0.0002811, 88.2, 7278847, file, ./.sits/TERRA_MODIS_012010_2013-09-14_2014-08-29_probs_v1_block_217_1.tif
2022-10-10 17:52:56, 37350, end_block_data_save, 0.07121, 88.3, 7278847, file, ./.sits/TERRA_MODIS_012010_2013-09-14_2014-08-29_probs_v1_block_217_1.tif
2022-10-10 17:52:56, 37350, start_block_data_read, 0.1219, 90.1, 7278847, band, CLOUD
2022-10-10 17:52:56, 37350, end_block_data_read, 0.05787, 91.6, 7278847, band, CLOUD
2022-10-10 17:52:56, 37350, start_block_data_process, 3.6e-05, 91.5, 7278847, band, CLOUD
2022-10-10 17:52:57, 37350, end_block_data_process, 0.0003791, 91.5, 7278847, band, CLOUD
2022-10-10 17:52:57, 37350, start_block_data_process, 3.886e-05, 91.5, 7278847, cloud_mask, cloud_mask
2022-10-10 17:52:57, 37350, end_block_data_process, 0.005504, 90.8, 7278847, cloud_bit_mask, 0
2022-10-10 17:52:57, 37350, start_block_data_read, 0.001497, 90.8, 7278847, band, NDVI
2022-10-10 17:52:57, 37350, end_block_data_read, 0.0695, 92.2, 7278847, band, NDVI
2022-10-10 17:52:57, 37350, start_block_data_process, 3.791e-05, 92.1, 7278847, band, NDVI
2022-10-10 17:52:57, 37350, end_block_data_process, 0.002021, 92.1, 7278847, band, NDVI
2022-10-10 17:52:57, 37350, start_block_data_process, 5.293e-05, 92.1, 7278847, process, cloud-impute-filter
2022-10-10 17:52:57, 37350, end_block_data_process, 0.003675, 89.6, 7278847, band, NDVI
2022-10-10 17:52:58, 37350, start_block_data_read, 0.001101, 89.6, 7278847, band, EVI
2022-10-10 17:52:58, 37350, end_block_data_read, 0.1062, 90.9, 7278847, band, EVI
2022-10-10 17:52:58, 37350, start_block_data_process, 3.6e-05, 90.9, 7278847, band, EVI
2022-10-10 17:52:58, 37350, end_block_data_process, 0.002443, 90.9, 7278847, band, EVI
2022-10-10 17:52:58, 37350, start_block_data_process, 5.889e-05, 90.9, 7278847, process, cloud-impute-filter
2022-10-10 17:52:58, 37350, end_block_data_process, 0.003588, 90.9, 7278847, band, EVI
2022-10-10 17:52:58, 37350, start_block_data_classification, 0.002005, 90.3, 7278847, model, rfor_model
2022-10-10 17:52:58, 37350, end_block_data_classification, 0.06743, 88.2, 7278847, model, rfor_model
2022-10-10 17:52:59, 37350, start_block_data_save, 0.000191, 88.2, 7278847, file, ./.sits/TERRA_MODIS_012010_2013-09-14_2014-08-29_probs_v1_block_233_1.tif
2022-10-10 17:52:59, 37350, end_block_data_save, 0.06532, 88.3, 7278847, file, ./.sits/TERRA_MODIS_012010_2013-09-14_2014-08-29_probs_v1_block_233_1.tif
2022-10-10 17:52:59, 37350, start_block_data_read, 0.1247, 90.1, 7278847, band, CLOUD
2022-10-10 17:52:59, 37350, end_block_data_read, 0.05894, 91.6, 7278847, band, CLOUD
2022-10-10 17:52:59, 37350, start_block_data_process, 3.886e-05, 91.5, 7278847, band, CLOUD
2022-10-10 17:52:59, 37350, end_block_data_process, 0.0001929, 91.5, 7278847, band, CLOUD
2022-10-10 17:52:59, 37350, start_block_data_process, 3.6e-05, 91.5, 7278847, cloud_mask, cloud_mask
2022-10-10 17:52:59, 37350, end_block_data_process, 0.004582, 90.8, 7278847, cloud_bit_mask, 0
2022-10-10 17:52:59, 37350, start_block_data_read, 0.0009179, 90.8, 7278847, band, NDVI
2022-10-10 17:53:00, 37350, end_block_data_read, 0.05999, 92.2, 7278847, band, NDVI
2022-10-10 17:53:00, 37350, start_block_data_process, 3.695e-05, 92.1, 7278847, band, NDVI
2022-10-10 17:53:00, 37350, end_block_data_process, 0.001827, 92.1, 7278847, band, NDVI
2022-10-10 17:53:00, 37350, start_block_data_process, 0.0001359, 92.1, 7278847, process, cloud-impute-filter
2022-10-10 17:53:00, 37350, end_block_data_process, 0.003388, 89.6, 7278847, band, NDVI
2022-10-10 17:53:00, 37350, start_block_data_read, 0.001551, 89.6, 7278847, band, EVI
2022-10-10 17:53:00, 37350, end_block_data_read, 0.05871, 90.9, 7278847, band, EVI
2022-10-10 17:53:00, 37350, start_block_data_process, 3.505e-05, 90.9, 7278847, band, EVI
2022-10-10 17:53:00, 37350, end_block_data_process, 0.001897, 90.9, 7278847, band, EVI
2022-10-10 17:53:00, 37350, start_block_data_process, 4.888e-05, 90.9, 7278847, process, cloud-impute-filter
2022-10-10 17:53:01, 37350, end_block_data_process, 0.003202, 90.9, 7278847, band, EVI
2022-10-10 17:53:01, 37350, start_block_data_classification, 0.001701, 90.3, 7278847, model, rfor_model
2022-10-10 17:53:01, 37350, end_block_data_classification, 0.07863, 88.2, 7278847, model, rfor_model
2022-10-10 17:53:01, 37350, start_block_data_save, 0.000186, 88.2, 7278847, file, ./.sits/TERRA_MODIS_012010_2013-09-14_2014-08-29_probs_v1_block_249_1.tif
2022-10-10 17:53:01, 37350, end_block_data_save, 0.06131, 88.3, 7278847, file, ./.sits/TERRA_MODIS_012010_2013-09-14_2014-08-29_probs_v1_block_249_1.tif
2022-10-10 17:53:01, 37350, start_block_data_read, 0.1219, 90.1, 7278847, band, CLOUD
2022-10-10 17:53:01, 37350, end_block_data_read, 0.05225, 91.6, 7278847, band, CLOUD
2022-10-10 17:53:01, 37350, start_block_data_process, 3.886e-05, 91.5, 7278847, band, CLOUD
2022-10-10 17:53:02, 37350, end_block_data_process, 0.000195, 91.5, 7278847, band, CLOUD
2022-10-10 17:53:02, 37350, start_block_data_process, 3.6e-05, 91.5, 7278847, cloud_mask, cloud_mask
2022-10-10 17:53:02, 37350, end_block_data_process, 0.004528, 90.8, 7278847, cloud_bit_mask, 0
2022-10-10 17:53:02, 37350, start_block_data_read, 0.001144, 90.8, 7278847, band, NDVI
2022-10-10 17:53:02, 37350, end_block_data_read, 0.05686, 92.2, 7278847, band, NDVI
2022-10-10 17:53:02, 37350, start_block_data_process, 3.6e-05, 92.1, 7278847, band, NDVI
2022-10-10 17:53:02, 37350, end_block_data_process, 0.001886, 92.1, 7278847, band, NDVI
2022-10-10 17:53:02, 37350, start_block_data_process, 5.102e-05, 92.1, 7278847, process, cloud-impute-filter
2022-10-10 17:53:02, 37350, end_block_data_process, 0.003951, 89.6, 7278847, band, NDVI
2022-10-10 17:53:02, 37350, start_block_data_read, 0.000829, 89.6, 7278847, band, EVI
2022-10-10 17:53:03, 37350, end_block_data_read, 0.05512, 90.9, 7278847, band, EVI
2022-10-10 17:53:03, 37350, start_block_data_process, 3.505e-05, 90.9, 7278847, band, EVI
2022-10-10 17:53:03, 37350, end_block_data_process, 0.001813, 90.9, 7278847, band, EVI
2022-10-10 17:53:03, 37350, start_block_data_process, 4.911e-05, 90.9, 7278847, process, cloud-impute-filter
2022-10-10 17:53:03, 37350, end_block_data_process, 0.003322, 90.9, 7278847, band, EVI
2022-10-10 17:53:03, 37350, start_block_data_classification, 0.00199, 90.3, 7278847, model, rfor_model
2022-10-10 17:53:03, 37350, end_block_data_classification, 0.06241, 88.2, 7278847, model, rfor_model
2022-10-10 17:53:03, 37350, start_block_data_save, 0.00018, 88.2, 7278847, file, ./.sits/TERRA_MODIS_012010_2013-09-14_2014-08-29_probs_v1_block_265_1.tif
2022-10-10 17:53:03, 37350, end_block_data_save, 0.06734, 88.3, 7278847, file, ./.sits/TERRA_MODIS_012010_2013-09-14_2014-08-29_probs_v1_block_265_1.tif
2022-10-10 17:53:04, 37350, start_block_data_read, 0.1171, 90.1, 7278847, band, CLOUD
2022-10-10 17:53:04, 37350, end_block_data_read, 0.05675, 91.6, 7278847, band, CLOUD
2022-10-10 17:53:04, 37350, start_block_data_process, 3.29e-05, 91.5, 7278847, band, CLOUD
2022-10-10 17:53:04, 37350, end_block_data_process, 0.0007241, 91.5, 7278847, band, CLOUD
2022-10-10 17:53:04, 37350, start_block_data_process, 4.816e-05, 91.5, 7278847, cloud_mask, cloud_mask
2022-10-10 17:53:04, 37350, end_block_data_process, 0.004562, 90.8, 7278847, cloud_bit_mask, 0
2022-10-10 17:53:04, 37350, start_block_data_read, 0.0009029, 90.8, 7278847, band, NDVI
2022-10-10 17:53:04, 37350, end_block_data_read, 0.06849, 92.2, 7278847, band, NDVI
2022-10-10 17:53:04, 37350, start_block_data_process, 3.505e-05, 92.1, 7278847, band, NDVI
2022-10-10 17:53:05, 37350, end_block_data_process, 0.002135, 92.1, 7278847, band, NDVI
2022-10-10 17:53:05, 37350, start_block_data_process, 6.914e-05, 92.1, 7278847, process, cloud-impute-filter
2022-10-10 17:53:05, 37350, end_block_data_process, 0.003333, 89.6, 7278847, band, NDVI
2022-10-10 17:53:05, 37350, start_block_data_read, 0.000803, 89.6, 7278847, band, EVI
2022-10-10 17:53:05, 37350, end_block_data_read, 0.0587, 90.9, 7278847, band, EVI
2022-10-10 17:53:05, 37350, start_block_data_process, 3.481e-05, 90.9, 7278847, band, EVI
2022-10-10 17:53:05, 37350, end_block_data_process, 0.001945, 90.9, 7278847, band, EVI
2022-10-10 17:53:05, 37350, start_block_data_process, 8.416e-05, 90.9, 7278847, process, cloud-impute-filter
2022-10-10 17:53:05, 37350, end_block_data_process, 0.00331, 90.9, 7278847, band, EVI
2022-10-10 17:53:05, 37350, start_block_data_classification, 0.001911, 90.3, 7278847, model, rfor_model
2022-10-10 17:53:06, 37350, end_block_data_classification, 0.06527, 88.2, 7278847, model, rfor_model
2022-10-10 17:53:06, 37350, start_block_data_save, 0.0001628, 88.2, 7278847, file, ./.sits/TERRA_MODIS_012010_2013-09-14_2014-08-29_probs_v1_block_281_1.tif
2022-10-10 17:53:06, 37350, end_block_data_save, 0.07442, 88.3, 7278847, file, ./.sits/TERRA_MODIS_012010_2013-09-14_2014-08-29_probs_v1_block_281_1.tif
2022-10-10 17:53:06, 37350, start_block_data_read, 0.1346, 90.1, 7278847, band, CLOUD
2022-10-10 17:53:06, 37350, end_block_data_read, 0.05473, 91.6, 7278847, band, CLOUD
2022-10-10 17:53:06, 37350, start_block_data_process, 3.791e-05, 91.5, 7278847, band, CLOUD
2022-10-10 17:53:06, 37350, end_block_data_process, 0.0002019, 91.5, 7278847, band, CLOUD
2022-10-10 17:53:06, 37350, start_block_data_process, 5.102e-05, 91.5, 7278847, cloud_mask, cloud_mask
2022-10-10 17:53:07, 37350, end_block_data_process, 0.004485, 90.8, 7278847, cloud_bit_mask, 0
2022-10-10 17:53:07, 37350, start_block_data_read, 0.0009072, 90.8, 7278847, band, NDVI
2022-10-10 17:53:07, 37350, end_block_data_read, 0.057, 92.2, 7278847, band, NDVI
2022-10-10 17:53:07, 37350, start_block_data_process, 3.386e-05, 92.1, 7278847, band, NDVI
2022-10-10 17:53:07, 37350, end_block_data_process, 0.002202, 92.1, 7278847, band, NDVI
2022-10-10 17:53:07, 37350, start_block_data_process, 4.792e-05, 92.1, 7278847, process, cloud-impute-filter
2022-10-10 17:53:07, 37350, end_block_data_process, 0.003511, 89.6, 7278847, band, NDVI
2022-10-10 17:53:07, 37350, start_block_data_read, 0.001015, 89.6, 7278847, band, EVI
2022-10-10 17:53:07, 37350, end_block_data_read, 0.05898, 90.9, 7278847, band, EVI
2022-10-10 17:53:07, 37350, start_block_data_process, 3.6e-05, 90.9, 7278847, band, EVI
2022-10-10 17:53:08, 37350, end_block_data_process, 0.001973, 90.9, 7278847, band, EVI
2022-10-10 17:53:08, 37350, start_block_data_process, 5.102e-05, 90.9, 7278847, process, cloud-impute-filter
2022-10-10 17:53:08, 37350, end_block_data_process, 0.003375, 90.9, 7278847, band, EVI
2022-10-10 17:53:08, 37350, start_block_data_classification, 0.001965, 90.3, 7278847, model, rfor_model
2022-10-10 17:53:08, 37350, end_block_data_classification, 0.05634, 88.2, 7278847, model, rfor_model
2022-10-10 17:53:08, 37350, start_block_data_save, 0.0001678, 88.2, 7278847, file, ./.sits/TERRA_MODIS_012010_2013-09-14_2014-08-29_probs_v1_block_297_1.tif
2022-10-10 17:53:08, 37350, end_block_data_save, 0.06776, 88.3, 7278847, file, ./.sits/TERRA_MODIS_012010_2013-09-14_2014-08-29_probs_v1_block_297_1.tif
2022-10-10 17:53:08, 37350, start_block_data_read, 0.1136, 90.1, 7278847, band, CLOUD
2022-10-10 17:53:08, 37350, end_block_data_read, 0.05463, 91.6, 7278847, band, CLOUD
2022-10-10 17:53:09, 37350, start_block_data_process, 3.29e-05, 91.5, 7278847, band, CLOUD
2022-10-10 17:53:09, 37350, end_block_data_process, 0.0001988, 91.5, 7278847, band, CLOUD
2022-10-10 17:53:09, 37350, start_block_data_process, 3.505e-05, 91.5, 7278847, cloud_mask, cloud_mask
2022-10-10 17:53:09, 37350, end_block_data_process, 0.004318, 90.8, 7278847, cloud_bit_mask, 0
2022-10-10 17:53:09, 37350, start_block_data_read, 0.0008941, 90.8, 7278847, band, NDVI
2022-10-10 17:53:09, 37350, end_block_data_read, 0.05781, 92.2, 7278847, band, NDVI
2022-10-10 17:53:09, 37350, start_block_data_process, 3.481e-05, 92.1, 7278847, band, NDVI
2022-10-10 17:53:09, 37350, end_block_data_process, 0.001834, 92.1, 7278847, band, NDVI
2022-10-10 17:53:09, 37350, start_block_data_process, 5.507e-05, 92.1, 7278847, process, cloud-impute-filter
2022-10-10 17:53:09, 37350, end_block_data_process, 0.003332, 89.6, 7278847, band, NDVI
2022-10-10 17:53:10, 37350, start_block_data_read, 0.001313, 89.6, 7278847, band, EVI
2022-10-10 17:53:10, 37350, end_block_data_read, 0.05618, 90.9, 7278847, band, EVI
2022-10-10 17:53:10, 37350, start_block_data_process, 3.815e-05, 90.9, 7278847, band, EVI
2022-10-10 17:53:10, 37350, end_block_data_process, 0.0018, 90.9, 7278847, band, EVI
2022-10-10 17:53:10, 37350, start_block_data_process, 4.911e-05, 90.9, 7278847, process, cloud-impute-filter
2022-10-10 17:53:10, 37350, end_block_data_process, 0.003241, 90.9, 7278847, band, EVI
2022-10-10 17:53:10, 37350, start_block_data_classification, 0.001906, 90.3, 7278847, model, rfor_model
2022-10-10 17:53:10, 37350, end_block_data_classification, 0.05937, 88.2, 7278847, model, rfor_model
2022-10-10 17:53:10, 37350, start_block_data_save, 0.00017, 88.2, 7278847, file, ./.sits/TERRA_MODIS_012010_2013-09-14_2014-08-29_probs_v1_block_313_1.tif
2022-10-10 17:53:10, 37350, end_block_data_save, 0.06283, 88.3, 7278847, file, ./.sits/TERRA_MODIS_012010_2013-09-14_2014-08-29_probs_v1_block_313_1.tif
2022-10-10 17:53:11, 37350, start_block_data_read, 0.1217, 90.1, 7278847, band, CLOUD
2022-10-10 17:53:11, 37350, end_block_data_read, 0.07371, 91.6, 7278847, band, CLOUD
2022-10-10 17:53:11, 37350, start_block_data_process, 3.886e-05, 91.5, 7278847, band, CLOUD
2022-10-10 17:53:11, 37350, end_block_data_process, 0.000216, 91.5, 7278847, band, CLOUD
2022-10-10 17:53:11, 37350, start_block_data_process, 5.198e-05, 91.5, 7278847, cloud_mask, cloud_mask
2022-10-10 17:53:11, 37350, end_block_data_process, 0.004247, 90.8, 7278847, cloud_bit_mask, 0
2022-10-10 17:53:11, 37350, start_block_data_read, 0.000963, 90.8, 7278847, band, NDVI
2022-10-10 17:53:11, 37350, end_block_data_read, 0.05403, 92.2, 7278847, band, NDVI
2022-10-10 17:53:12, 37350, start_block_data_process, 3.505e-05, 92.1, 7278847, band, NDVI
2022-10-10 17:53:12, 37350, end_block_data_process, 0.001757, 92.1, 7278847, band, NDVI
2022-10-10 17:53:12, 37350, start_block_data_process, 5.102e-05, 92.1, 7278847, process, cloud-impute-filter
2022-10-10 17:53:12, 37350, end_block_data_process, 0.003476, 89.6, 7278847, band, NDVI
2022-10-10 17:53:12, 37350, start_block_data_read, 0.000881, 89.6, 7278847, band, EVI
2022-10-10 17:53:12, 37350, end_block_data_read, 0.06695, 90.9, 7278847, band, EVI
2022-10-10 17:53:12, 37350, start_block_data_process, 3.6e-05, 90.9, 7278847, band, EVI
2022-10-10 17:53:12, 37350, end_block_data_process, 0.001853, 90.9, 7278847, band, EVI
2022-10-10 17:53:12, 37350, start_block_data_process, 5.507e-05, 90.9, 7278847, process, cloud-impute-filter
2022-10-10 17:53:12, 37350, end_block_data_process, 0.0033, 90.9, 7278847, band, EVI
2022-10-10 17:53:12, 37350, start_block_data_classification, 0.002049, 90.3, 7278847, model, rfor_model
2022-10-10 17:53:13, 37350, end_block_data_classification, 0.06512, 88.2, 7278847, model, rfor_model
2022-10-10 17:53:13, 37350, start_block_data_save, 0.0001819, 88.2, 7278847, file, ./.sits/TERRA_MODIS_012010_2013-09-14_2014-08-29_probs_v1_block_329_1.tif
2022-10-10 17:53:13, 37350, end_block_data_save, 0.06623, 88.3, 7278847, file, ./.sits/TERRA_MODIS_012010_2013-09-14_2014-08-29_probs_v1_block_329_1.tif
2022-10-10 17:53:13, 37350, start_block_data_read, 0.109, 90.1, 7278847, band, CLOUD
2022-10-10 17:53:13, 37350, end_block_data_read, 0.08207, 91.6, 7278847, band, CLOUD
2022-10-10 17:53:13, 37350, start_block_data_process, 3.6e-05, 91.5, 7278847, band, CLOUD
2022-10-10 17:53:13, 37350, end_block_data_process, 0.0005119, 91.5, 7278847, band, CLOUD
2022-10-10 17:53:14, 37350, start_block_data_process, 3.695e-05, 91.5, 7278847, cloud_mask, cloud_mask
2022-10-10 17:53:14, 37350, end_block_data_process, 0.004943, 90.8, 7278847, cloud_bit_mask, 0
2022-10-10 17:53:14, 37350, start_block_data_read, 0.0009868, 90.8, 7278847, band, NDVI
2022-10-10 17:53:14, 37350, end_block_data_read, 0.06786, 92.2, 7278847, band, NDVI
2022-10-10 17:53:14, 37350, start_block_data_process, 3.695e-05, 92.1, 7278847, band, NDVI
2022-10-10 17:53:14, 37350, end_block_data_process, 0.003358, 92.1, 7278847, band, NDVI
2022-10-10 17:53:14, 37350, start_block_data_process, 5.507e-05, 92.1, 7278847, process, cloud-impute-filter
2022-10-10 17:53:14, 37350, end_block_data_process, 0.00326, 89.6, 7278847, band, NDVI
2022-10-10 17:53:14, 37350, start_block_data_read, 0.00104, 89.6, 7278847, band, EVI
2022-10-10 17:53:15, 37350, end_block_data_read, 0.06717, 90.9, 7278847, band, EVI
2022-10-10 17:53:15, 37350, start_block_data_process, 3.386e-05, 90.9, 7278847, band, EVI
2022-10-10 17:53:15, 37350, end_block_data_process, 0.001965, 90.9, 7278847, band, EVI
2022-10-10 17:53:15, 37350, start_block_data_process, 5.293e-05, 90.9, 7278847, process, cloud-impute-filter
2022-10-10 17:53:15, 37350, end_block_data_process, 0.003364, 90.9, 7278847, band, EVI
2022-10-10 17:53:15, 37350, start_block_data_classification, 0.002037, 90.3, 7278847, model, rfor_model
2022-10-10 17:53:15, 37350, end_block_data_classification, 0.06505, 88.2, 7278847, model, rfor_model
2022-10-10 17:53:15, 37350, start_block_data_save, 0.000248, 88.2, 7278847, file, ./.sits/TERRA_MODIS_012010_2013-09-14_2014-08-29_probs_v1_block_345_1.tif
2022-10-10 17:53:15, 37350, end_block_data_save, 0.06912, 88.3, 7278847, file, ./.sits/TERRA_MODIS_012010_2013-09-14_2014-08-29_probs_v1_block_345_1.tif
2022-10-10 17:53:16, 37350, start_block_data_read, 0.112, 90.1, 7278847, band, CLOUD
2022-10-10 17:53:16, 37350, end_block_data_read, 0.06768, 91.6, 7278847, band, CLOUD
2022-10-10 17:53:16, 37350, start_block_data_process, 4.101e-05, 91.5, 7278847, band, CLOUD
2022-10-10 17:53:16, 37350, end_block_data_process, 0.000248, 91.5, 7278847, band, CLOUD
2022-10-10 17:53:16, 37350, start_block_data_process, 5.198e-05, 91.5, 7278847, cloud_mask, cloud_mask
2022-10-10 17:53:16, 37350, end_block_data_process, 0.004984, 90.8, 7278847, cloud_bit_mask, 0
2022-10-10 17:53:16, 37350, start_block_data_read, 0.001075, 90.8, 7278847, band, NDVI
2022-10-10 17:53:16, 37350, end_block_data_read, 0.0645, 92.2, 7278847, band, NDVI
2022-10-10 17:53:16, 37350, start_block_data_process, 3.6e-05, 92.1, 7278847, band, NDVI
2022-10-10 17:53:16, 37350, end_block_data_process, 0.002147, 92.1, 7278847, band, NDVI
2022-10-10 17:53:17, 37350, start_block_data_process, 4.792e-05, 92.1, 7278847, process, cloud-impute-filter
2022-10-10 17:53:17, 37350, end_block_data_process, 0.003632, 89.6, 7278847, band, NDVI
2022-10-10 17:53:17, 37350, start_block_data_read, 0.0009561, 89.6, 7278847, band, EVI
2022-10-10 17:53:17, 37350, end_block_data_read, 0.06762, 90.9, 7278847, band, EVI
2022-10-10 17:53:17, 37350, start_block_data_process, 5.698e-05, 90.9, 7278847, band, EVI
2022-10-10 17:53:17, 37350, end_block_data_process, 0.00234, 90.9, 7278847, band, EVI
2022-10-10 17:53:17, 37350, start_block_data_process, 4.888e-05, 90.9, 7278847, process, cloud-impute-filter
2022-10-10 17:53:17, 37350, end_block_data_process, 0.003789, 90.9, 7278847, band, EVI
2022-10-10 17:53:17, 37350, start_block_data_classification, 0.002856, 90.3, 7278847, model, rfor_model
2022-10-10 17:53:17, 37350, end_block_data_classification, 0.06573, 88.2, 7278847, model, rfor_model
2022-10-10 17:53:18, 37350, start_block_data_save, 0.000181, 88.2, 7278847, file, ./.sits/TERRA_MODIS_012010_2013-09-14_2014-08-29_probs_v1_block_361_1.tif
2022-10-10 17:53:18, 37350, end_block_data_save, 0.06693, 88.3, 7278847, file, ./.sits/TERRA_MODIS_012010_2013-09-14_2014-08-29_probs_v1_block_361_1.tif
2022-10-10 17:53:18, 37350, start_block_data_read, 0.1525, 90.1, 7278847, band, CLOUD
2022-10-10 17:53:18, 37350, end_block_data_read, 0.06154, 91.6, 7278847, band, CLOUD
2022-10-10 17:53:18, 37350, start_block_data_process, 6.986e-05, 91.5, 7278847, band, CLOUD
2022-10-10 17:53:18, 37350, end_block_data_process, 0.000283, 91.5, 7278847, band, CLOUD
2022-10-10 17:53:18, 37350, start_block_data_process, 3.6e-05, 91.5, 7278847, cloud_mask, cloud_mask
2022-10-10 17:53:18, 37350, end_block_data_process, 0.00435, 90.8, 7278847, cloud_bit_mask, 0
2022-10-10 17:53:19, 37350, start_block_data_read, 0.00103, 90.8, 7278847, band, NDVI
2022-10-10 17:53:19, 37350, end_block_data_read, 0.06053, 92.2, 7278847, band, NDVI
2022-10-10 17:53:19, 37350, start_block_data_process, 3.791e-05, 92.1, 7278847, band, NDVI
2022-10-10 17:53:19, 37350, end_block_data_process, 0.001728, 92.1, 7278847, band, NDVI
2022-10-10 17:53:19, 37350, start_block_data_process, 6.795e-05, 92.1, 7278847, process, cloud-impute-filter
2022-10-10 17:53:19, 37350, end_block_data_process, 0.003367, 89.6, 7278847, band, NDVI
2022-10-10 17:53:19, 37350, start_block_data_read, 0.0009031, 89.6, 7278847, band, EVI
2022-10-10 17:53:19, 37350, end_block_data_read, 0.06047, 90.9, 7278847, band, EVI
2022-10-10 17:53:19, 37350, start_block_data_process, 4.697e-05, 90.9, 7278847, band, EVI
2022-10-10 17:53:19, 37350, end_block_data_process, 0.001774, 90.9, 7278847, band, EVI
2022-10-10 17:53:19, 37350, start_block_data_process, 5.698e-05, 90.9, 7278847, process, cloud-impute-filter
2022-10-10 17:53:20, 37350, end_block_data_process, 0.003458, 90.9, 7278847, band, EVI
2022-10-10 17:53:20, 37350, start_block_data_classification, 0.001699, 90.3, 7278847, model, rfor_model
2022-10-10 17:53:20, 37350, end_block_data_classification, 0.06682, 88.2, 7278847, model, rfor_model
2022-10-10 17:53:20, 37350, start_block_data_save, 0.0001678, 88.2, 7278847, file, ./.sits/TERRA_MODIS_012010_2013-09-14_2014-08-29_probs_v1_block_377_1.tif
2022-10-10 17:53:20, 37350, end_block_data_save, 0.06271, 88.3, 7278847, file, ./.sits/TERRA_MODIS_012010_2013-09-14_2014-08-29_probs_v1_block_377_1.tif
2022-10-10 17:53:20, 37350, start_block_data_read, 0.1091, 90.1, 7278847, band, CLOUD
2022-10-10 17:53:20, 37350, end_block_data_read, 0.05611, 91.6, 7278847, band, CLOUD
2022-10-10 17:53:20, 37350, start_block_data_process, 4.292e-05, 91.5, 7278847, band, CLOUD
2022-10-10 17:53:21, 37350, end_block_data_process, 0.0002789, 91.5, 7278847, band, CLOUD
2022-10-10 17:53:21, 37350, start_block_data_process, 3.481e-05, 91.5, 7278847, cloud_mask, cloud_mask
2022-10-10 17:53:21, 37350, end_block_data_process, 0.00465, 90.8, 7278847, cloud_bit_mask, 0
2022-10-10 17:53:21, 37350, start_block_data_read, 0.0009942, 90.8, 7278847, band, NDVI
2022-10-10 17:53:21, 37350, end_block_data_read, 0.0647, 92.2, 7278847, band, NDVI
2022-10-10 17:53:21, 37350, start_block_data_process, 4.315e-05, 92.1, 7278847, band, NDVI
2022-10-10 17:53:21, 37350, end_block_data_process, 0.002358, 92.1, 7278847, band, NDVI
2022-10-10 17:53:21, 37350, start_block_data_process, 5.388e-05, 92.1, 7278847, process, cloud-impute-filter
2022-10-10 17:53:21, 37350, end_block_data_process, 0.00332, 89.6, 7278847, band, NDVI
2022-10-10 17:53:21, 37350, start_block_data_read, 0.0009861, 89.6, 7278847, band, EVI
2022-10-10 17:53:22, 37350, end_block_data_read, 0.05955, 90.9, 7278847, band, EVI
2022-10-10 17:53:22, 37350, start_block_data_process, 4.005e-05, 90.9, 7278847, band, EVI
2022-10-10 17:53:22, 37350, end_block_data_process, 0.002006, 90.9, 7278847, band, EVI
2022-10-10 17:53:22, 37350, start_block_data_process, 6.199e-05, 90.9, 7278847, process, cloud-impute-filter
2022-10-10 17:53:22, 37350, end_block_data_process, 0.003554, 90.9, 7278847, band, EVI
2022-10-10 17:53:22, 37350, start_block_data_classification, 0.001965, 90.3, 7278847, model, rfor_model
2022-10-10 17:53:22, 37350, end_block_data_classification, 0.06772, 88.2, 7278847, model, rfor_model
2022-10-10 17:53:22, 37350, start_block_data_save, 0.0002809, 88.2, 7278847, file, ./.sits/TERRA_MODIS_012010_2013-09-14_2014-08-29_probs_v1_block_393_1.tif
2022-10-10 17:53:22, 37350, end_block_data_save, 0.06687, 88.3, 7278847, file, ./.sits/TERRA_MODIS_012010_2013-09-14_2014-08-29_probs_v1_block_393_1.tif
2022-10-10 17:53:23, 37350, start_block_data_read, 0.1146, 90.1, 7278847, band, CLOUD
2022-10-10 17:53:23, 37350, end_block_data_read, 0.05926, 91.6, 7278847, band, CLOUD
2022-10-10 17:53:23, 37350, start_block_data_process, 3.791e-05, 91.5, 7278847, band, CLOUD
2022-10-10 17:53:23, 37350, end_block_data_process, 0.0001981, 91.5, 7278847, band, CLOUD
2022-10-10 17:53:23, 37350, start_block_data_process, 4.411e-05, 91.5, 7278847, cloud_mask, cloud_mask
2022-10-10 17:53:23, 37350, end_block_data_process, 0.008656, 90.8, 7278847, cloud_bit_mask, 0
2022-10-10 17:53:23, 37350, start_block_data_read, 0.001041, 90.8, 7278847, band, NDVI
2022-10-10 17:53:24, 37350, end_block_data_read, 0.07831, 92.2, 7278847, band, NDVI
2022-10-10 17:53:24, 37350, start_block_data_process, 4.601e-05, 92.1, 7278847, band, NDVI
2022-10-10 17:53:24, 37350, end_block_data_process, 0.002578, 92.1, 7278847, band, NDVI
2022-10-10 17:53:24, 37350, start_block_data_process, 5.412e-05, 92.1, 7278847, process, cloud-impute-filter
2022-10-10 17:53:24, 37350, end_block_data_process, 0.004067, 89.6, 7278847, band, NDVI
2022-10-10 17:53:24, 37350, start_block_data_read, 0.0008659, 89.6, 7278847, band, EVI
2022-10-10 17:53:24, 37350, end_block_data_read, 0.0889, 90.9, 7278847, band, EVI
2022-10-10 17:53:24, 37350, start_block_data_process, 0.0001121, 90.9, 7278847, band, EVI
2022-10-10 17:53:24, 37350, end_block_data_process, 0.002069, 90.9, 7278847, band, EVI
2022-10-10 17:53:25, 37350, start_block_data_process, 5.007e-05, 90.9, 7278847, process, cloud-impute-filter
2022-10-10 17:53:25, 37350, end_block_data_process, 0.003793, 90.9, 7278847, band, EVI
2022-10-10 17:53:25, 37350, start_block_data_classification, 0.004223, 90.3, 7278847, model, rfor_model
2022-10-10 17:53:25, 37350, end_block_data_classification, 0.1115, 88.2, 7278847, model, rfor_model
2022-10-10 17:53:25, 37350, start_block_data_save, 0.000248, 88.2, 7278847, file, ./.sits/TERRA_MODIS_012010_2013-09-14_2014-08-29_probs_v1_block_409_1.tif
2022-10-10 17:53:25, 37350, end_block_data_save, 0.06554, 88.3, 7278847, file, ./.sits/TERRA_MODIS_012010_2013-09-14_2014-08-29_probs_v1_block_409_1.tif
2022-10-10 17:53:25, 37350, start_block_data_read, 0.114, 90.1, 7278847, band, CLOUD
2022-10-10 17:53:26, 37350, end_block_data_read, 0.06942, 91.6, 7278847, band, CLOUD
2022-10-10 17:53:26, 37350, start_block_data_process, 3.6e-05, 91.5, 7278847, band, CLOUD
2022-10-10 17:53:26, 37350, end_block_data_process, 0.000212, 91.5, 7278847, band, CLOUD
2022-10-10 17:53:26, 37350, start_block_data_process, 3.791e-05, 91.5, 7278847, cloud_mask, cloud_mask
2022-10-10 17:53:26, 37350, end_block_data_process, 0.004943, 90.8, 7278847, cloud_bit_mask, 0
2022-10-10 17:53:26, 37350, start_block_data_read, 0.0009959, 90.8, 7278847, band, NDVI
2022-10-10 17:53:26, 37350, end_block_data_read, 0.06399, 92.2, 7278847, band, NDVI
2022-10-10 17:53:26, 37350, start_block_data_process, 3.6e-05, 92.1, 7278847, band, NDVI
2022-10-10 17:53:26, 37350, end_block_data_process, 0.002609, 92.1, 7278847, band, NDVI
2022-10-10 17:53:26, 37350, start_block_data_process, 5.293e-05, 92.1, 7278847, process, cloud-impute-filter
2022-10-10 17:53:27, 37350, end_block_data_process, 0.003538, 89.6, 7278847, band, NDVI
2022-10-10 17:53:27, 37350, start_block_data_read, 0.000978, 89.6, 7278847, band, EVI
2022-10-10 17:53:27, 37350, end_block_data_read, 0.07235, 90.9, 7278847, band, EVI
2022-10-10 17:53:27, 37350, start_block_data_process, 4.697e-05, 90.9, 7278847, band, EVI
2022-10-10 17:53:27, 37350, end_block_data_process, 0.002968, 90.9, 7278847, band, EVI
2022-10-10 17:53:27, 37350, start_block_data_process, 5.412e-05, 90.9, 7278847, process, cloud-impute-filter
2022-10-10 17:53:27, 37350, end_block_data_process, 0.003496, 90.9, 7278847, band, EVI
2022-10-10 17:53:27, 37350, start_block_data_classification, 0.001907, 90.3, 7278847, model, rfor_model
2022-10-10 17:53:27, 37350, end_block_data_classification, 0.07069, 88.2, 7278847, model, rfor_model
2022-10-10 17:53:28, 37350, start_block_data_save, 0.0002038, 88.2, 7278847, file, ./.sits/TERRA_MODIS_012010_2013-09-14_2014-08-29_probs_v1_block_425_1.tif
2022-10-10 17:53:28, 37350, end_block_data_save, 0.06832, 88.3, 7278847, file, ./.sits/TERRA_MODIS_012010_2013-09-14_2014-08-29_probs_v1_block_425_1.tif
2022-10-10 17:53:28, 37350, start_block_data_read, 0.1165, 90.1, 7278847, band, CLOUD
2022-10-10 17:53:28, 37350, end_block_data_read, 0.06804, 91.6, 7278847, band, CLOUD
2022-10-10 17:53:28, 37350, start_block_data_process, 3.505e-05, 91.5, 7278847, band, CLOUD
2022-10-10 17:53:28, 37350, end_block_data_process, 0.000236, 91.5, 7278847, band, CLOUD
2022-10-10 17:53:28, 37350, start_block_data_process, 3.91e-05, 91.5, 7278847, cloud_mask, cloud_mask
2022-10-10 17:53:28, 37350, end_block_data_process, 0.004711, 90.8, 7278847, cloud_bit_mask, 0
2022-10-10 17:53:28, 37350, start_block_data_read, 0.0009389, 90.8, 7278847, band, NDVI
2022-10-10 17:53:29, 37350, end_block_data_read, 0.06741, 92.2, 7278847, band, NDVI
2022-10-10 17:53:29, 37350, start_block_data_process, 3.6e-05, 92.1, 7278847, band, NDVI
2022-10-10 17:53:29, 37350, end_block_data_process, 0.002385, 92.1, 7278847, band, NDVI
2022-10-10 17:53:29, 37350, start_block_data_process, 5.698e-05, 92.1, 7278847, process, cloud-impute-filter
2022-10-10 17:53:29, 37350, end_block_data_process, 0.003861, 89.6, 7278847, band, NDVI
2022-10-10 17:53:29, 37350, start_block_data_read, 0.000953, 89.6, 7278847, band, EVI
2022-10-10 17:53:29, 37350, end_block_data_read, 0.06088, 90.9, 7278847, band, EVI
2022-10-10 17:53:29, 37350, start_block_data_process, 3.791e-05, 90.9, 7278847, band, EVI
2022-10-10 17:53:29, 37350, end_block_data_process, 0.002224, 90.9, 7278847, band, EVI
2022-10-10 17:53:30, 37350, start_block_data_process, 5.102e-05, 90.9, 7278847, process, cloud-impute-filter
2022-10-10 17:53:30, 37350, end_block_data_process, 0.004085, 90.9, 7278847, band, EVI
2022-10-10 17:53:30, 37350, start_block_data_classification, 0.001839, 90.3, 7278847, model, rfor_model
2022-10-10 17:53:30, 37350, end_block_data_classification, 0.07137, 88.2, 7278847, model, rfor_model
2022-10-10 17:53:30, 37350, start_block_data_save, 0.000217, 88.2, 7278847, file, ./.sits/TERRA_MODIS_012010_2013-09-14_2014-08-29_probs_v1_block_441_1.tif
2022-10-10 17:53:30, 37350, end_block_data_save, 0.06583, 88.3, 7278847, file, ./.sits/TERRA_MODIS_012010_2013-09-14_2014-08-29_probs_v1_block_441_1.tif
2022-10-10 17:53:30, 37350, start_block_data_read, 0.112, 90.1, 7278847, band, CLOUD
2022-10-10 17:53:30, 37350, end_block_data_read, 0.05595, 91.6, 7278847, band, CLOUD
2022-10-10 17:53:31, 37350, start_block_data_process, 3.386e-05, 91.5, 7278847, band, CLOUD
2022-10-10 17:53:31, 37350, end_block_data_process, 0.0003078, 91.5, 7278847, band, CLOUD
2022-10-10 17:53:31, 37350, start_block_data_process, 3.91e-05, 91.5, 7278847, cloud_mask, cloud_mask
2022-10-10 17:53:31, 37350, end_block_data_process, 0.004416, 90.8, 7278847, cloud_bit_mask, 0
2022-10-10 17:53:31, 37350, start_block_data_read, 0.001124, 90.8, 7278847, band, NDVI
2022-10-10 17:53:31, 37350, end_block_data_read, 0.06749, 92.2, 7278847, band, NDVI
2022-10-10 17:53:31, 37350, start_block_data_process, 3.505e-05, 92.1, 7278847, band, NDVI
2022-10-10 17:53:31, 37350, end_block_data_process, 0.002099, 92.1, 7278847, band, NDVI
2022-10-10 17:53:31, 37350, start_block_data_process, 6.294e-05, 92.1, 7278847, process, cloud-impute-filter
2022-10-10 17:53:31, 37350, end_block_data_process, 0.003233, 89.6, 7278847, band, NDVI
2022-10-10 17:53:31, 37350, start_block_data_read, 0.001288, 89.6, 7278847, band, EVI
2022-10-10 17:53:32, 37350, end_block_data_read, 0.06603, 90.9, 7278847, band, EVI
2022-10-10 17:53:32, 37350, start_block_data_process, 5.698e-05, 90.9, 7278847, band, EVI
2022-10-10 17:53:32, 37350, end_block_data_process, 0.002584, 90.9, 7278847, band, EVI
2022-10-10 17:53:32, 37350, start_block_data_process, 5.698e-05, 90.9, 7278847, process, cloud-impute-filter
2022-10-10 17:53:32, 37350, end_block_data_process, 0.003732, 90.9, 7278847, band, EVI
2022-10-10 17:53:32, 37350, start_block_data_classification, 0.001911, 90.3, 7278847, model, rfor_model
2022-10-10 17:53:32, 37350, end_block_data_classification, 0.06744, 88.2, 7278847, model, rfor_model
2022-10-10 17:53:32, 37350, start_block_data_save, 0.000201, 88.2, 7278847, file, ./.sits/TERRA_MODIS_012010_2013-09-14_2014-08-29_probs_v1_block_457_1.tif
2022-10-10 17:53:33, 37350, end_block_data_save, 0.06438, 88.3, 7278847, file, ./.sits/TERRA_MODIS_012010_2013-09-14_2014-08-29_probs_v1_block_457_1.tif
2022-10-10 17:53:33, 37350, start_block_data_read, 0.1176, 90.1, 7278847, band, CLOUD
2022-10-10 17:53:33, 37350, end_block_data_read, 0.05546, 91.6, 7278847, band, CLOUD
2022-10-10 17:53:33, 37350, start_block_data_process, 4.888e-05, 91.5, 7278847, band, CLOUD
2022-10-10 17:53:33, 37350, end_block_data_process, 0.000196, 91.5, 7278847, band, CLOUD
2022-10-10 17:53:33, 37350, start_block_data_process, 3.695e-05, 91.5, 7278847, cloud_mask, cloud_mask
2022-10-10 17:53:33, 37350, end_block_data_process, 0.004461, 90.8, 7278847, cloud_bit_mask, 0
2022-10-10 17:53:33, 37350, start_block_data_read, 0.001037, 90.8, 7278847, band, NDVI
2022-10-10 17:53:33, 37350, end_block_data_read, 0.0631, 92.2, 7278847, band, NDVI
2022-10-10 17:53:34, 37350, start_block_data_process, 3.815e-05, 92.1, 7278847, band, NDVI
2022-10-10 17:53:34, 37350, end_block_data_process, 0.00191, 92.1, 7278847, band, NDVI
2022-10-10 17:53:34, 37350, start_block_data_process, 4.888e-05, 92.1, 7278847, process, cloud-impute-filter
2022-10-10 17:53:34, 37350, end_block_data_process, 0.003475, 89.6, 7278847, band, NDVI
2022-10-10 17:53:34, 37350, start_block_data_read, 0.000823, 89.6, 7278847, band, EVI
2022-10-10 17:53:34, 37350, end_block_data_read, 0.07164, 90.9, 7278847, band, EVI
2022-10-10 17:53:34, 37350, start_block_data_process, 4.315e-05, 90.9, 7278847, band, EVI
2022-10-10 17:53:34, 37350, end_block_data_process, 0.001962, 90.9, 7278847, band, EVI
2022-10-10 17:53:34, 37350, start_block_data_process, 7.892e-05, 90.9, 7278847, process, cloud-impute-filter
2022-10-10 17:53:34, 37350, end_block_data_process, 0.003404, 90.9, 7278847, band, EVI
2022-10-10 17:53:34, 37350, start_block_data_classification, 0.002029, 90.3, 7278847, model, rfor_model
2022-10-10 17:53:35, 37350, end_block_data_classification, 0.07987, 88.2, 7278847, model, rfor_model
2022-10-10 17:53:35, 37350, start_block_data_save, 0.000205, 88.2, 7278847, file, ./.sits/TERRA_MODIS_012010_2013-09-14_2014-08-29_probs_v1_block_473_1.tif
2022-10-10 17:53:35, 37350, end_block_data_save, 0.06602, 88.3, 7278847, file, ./.sits/TERRA_MODIS_012010_2013-09-14_2014-08-29_probs_v1_block_473_1.tif
2022-10-10 17:53:35, 37350, start_block_data_read, 0.1279, 90.1, 7278847, band, CLOUD
2022-10-10 17:53:35, 37350, end_block_data_read, 0.05511, 91.6, 7278847, band, CLOUD
2022-10-10 17:53:35, 37350, start_block_data_process, 4.101e-05, 91.5, 7278847, band, CLOUD
2022-10-10 17:53:35, 37350, end_block_data_process, 0.0001969, 91.5, 7278847, band, CLOUD
2022-10-10 17:53:35, 37350, start_block_data_process, 3.815e-05, 91.5, 7278847, cloud_mask, cloud_mask
2022-10-10 17:53:36, 37350, end_block_data_process, 0.004508, 90.8, 7278847, cloud_bit_mask, 0
2022-10-10 17:53:36, 37350, start_block_data_read, 0.0009978, 90.8, 7278847, band, NDVI
2022-10-10 17:53:36, 37350, end_block_data_read, 0.06783, 92.2, 7278847, band, NDVI
2022-10-10 17:53:36, 37350, start_block_data_process, 3.505e-05, 92.1, 7278847, band, NDVI
2022-10-10 17:53:36, 37350, end_block_data_process, 0.001959, 92.1, 7278847, band, NDVI
2022-10-10 17:53:36, 37350, start_block_data_process, 5.198e-05, 92.1, 7278847, process, cloud-impute-filter
2022-10-10 17:53:36, 37350, end_block_data_process, 0.003385, 89.6, 7278847, band, NDVI
2022-10-10 17:53:36, 37350, start_block_data_read, 0.000895, 89.6, 7278847, band, EVI
2022-10-10 17:53:36, 37350, end_block_data_read, 0.06001, 90.9, 7278847, band, EVI
2022-10-10 17:53:37, 37350, start_block_data_process, 3.791e-05, 90.9, 7278847, band, EVI
2022-10-10 17:53:37, 37350, end_block_data_process, 0.001854, 90.9, 7278847, band, EVI
2022-10-10 17:53:37, 37350, start_block_data_process, 5.102e-05, 90.9, 7278847, process, cloud-impute-filter
2022-10-10 17:53:37, 37350, end_block_data_process, 0.003428, 90.9, 7278847, band, EVI
2022-10-10 17:53:37, 37350, start_block_data_classification, 0.001719, 90.3, 7278847, model, rfor_model
2022-10-10 17:53:37, 37350, end_block_data_classification, 0.07619, 88.2, 7278847, model, rfor_model
2022-10-10 17:53:37, 37350, start_block_data_save, 0.0002151, 88.2, 7278847, file, ./.sits/TERRA_MODIS_012010_2013-09-14_2014-08-29_probs_v1_block_489_1.tif
2022-10-10 17:53:37, 37350, end_block_data_save, 0.0659, 88.3, 7278847, file, ./.sits/TERRA_MODIS_012010_2013-09-14_2014-08-29_probs_v1_block_489_1.tif
2022-10-10 17:53:38, 37350, start_block_data_read, 0.1159, 90.1, 7278847, band, CLOUD
2022-10-10 17:53:38, 37350, end_block_data_read, 0.06238, 91.6, 7278847, band, CLOUD
2022-10-10 17:53:38, 37350, start_block_data_process, 3.409e-05, 91.5, 7278847, band, CLOUD
2022-10-10 17:53:38, 37350, end_block_data_process, 0.0001981, 91.5, 7278847, band, CLOUD
2022-10-10 17:53:38, 37350, start_block_data_process, 3.791e-05, 91.5, 7278847, cloud_mask, cloud_mask
2022-10-10 17:53:38, 37350, end_block_data_process, 0.004351, 90.8, 7278847, cloud_bit_mask, 0
2022-10-10 17:53:38, 37350, start_block_data_read, 0.000952, 90.8, 7278847, band, NDVI
2022-10-10 17:53:38, 37350, end_block_data_read, 0.06252, 92.2, 7278847, band, NDVI
2022-10-10 17:53:38, 37350, start_block_data_process, 3.505e-05, 92.1, 7278847, band, NDVI
2022-10-10 17:53:38, 37350, end_block_data_process, 0.002127, 92.1, 7278847, band, NDVI
2022-10-10 17:53:39, 37350, start_block_data_process, 7.081e-05, 92.1, 7278847, process, cloud-impute-filter
2022-10-10 17:53:39, 37350, end_block_data_process, 0.003972, 89.6, 7278847, band, NDVI
2022-10-10 17:53:39, 37350, start_block_data_read, 0.001153, 89.6, 7278847, band, EVI
2022-10-10 17:53:39, 37350, end_block_data_read, 0.0638, 90.9, 7278847, band, EVI
2022-10-10 17:53:39, 37350, start_block_data_process, 3.6e-05, 90.9, 7278847, band, EVI
2022-10-10 17:53:39, 37350, end_block_data_process, 0.001964, 90.9, 7278847, band, EVI
2022-10-10 17:53:39, 37350, start_block_data_process, 5.603e-05, 90.9, 7278847, process, cloud-impute-filter
2022-10-10 17:53:39, 37350, end_block_data_process, 0.003564, 90.9, 7278847, band, EVI
2022-10-10 17:53:39, 37350, start_block_data_classification, 0.001944, 90.3, 7278847, model, rfor_model
2022-10-10 17:53:40, 37350, end_block_data_classification, 0.06827, 88.2, 7278847, model, rfor_model
2022-10-10 17:53:40, 37350, start_block_data_save, 0.0003719, 88.2, 7278847, file, ./.sits/TERRA_MODIS_012010_2013-09-14_2014-08-29_probs_v1_block_505_1.tif
2022-10-10 17:53:40, 37350, end_block_data_save, 0.06666, 88.3, 7278847, file, ./.sits/TERRA_MODIS_012010_2013-09-14_2014-08-29_probs_v1_block_505_1.tif
2022-10-10 17:53:40, 37350, start_block_data_read, 0.148, 90.1, 7278847, band, CLOUD
2022-10-10 17:53:40, 37350, end_block_data_read, 0.07089, 91.6, 7278847, band, CLOUD
2022-10-10 17:53:40, 37350, start_block_data_process, 3.6e-05, 91.5, 7278847, band, CLOUD
2022-10-10 17:53:40, 37350, end_block_data_process, 0.0002999, 91.5, 7278847, band, CLOUD
2022-10-10 17:53:40, 37350, start_block_data_process, 3.91e-05, 91.5, 7278847, cloud_mask, cloud_mask
2022-10-10 17:53:41, 37350, end_block_data_process, 0.01586, 90.8, 7278847, cloud_bit_mask, 0
2022-10-10 17:53:41, 37350, start_block_data_read, 0.002026, 90.8, 7278847, band, NDVI
2022-10-10 17:53:41, 37350, end_block_data_read, 0.06512, 92.2, 7278847, band, NDVI
2022-10-10 17:53:41, 37350, start_block_data_process, 4.411e-05, 92.1, 7278847, band, NDVI
2022-10-10 17:53:41, 37350, end_block_data_process, 0.002986, 92.1, 7278847, band, NDVI
2022-10-10 17:53:41, 37350, start_block_data_process, 5.817e-05, 92.1, 7278847, process, cloud-impute-filter
2022-10-10 17:53:41, 37350, end_block_data_process, 0.00357, 89.6, 7278847, band, NDVI
2022-10-10 17:53:41, 37350, start_block_data_read, 0.001076, 89.6, 7278847, band, EVI
2022-10-10 17:53:42, 37350, end_block_data_read, 0.07873, 90.9, 7278847, band, EVI
2022-10-10 17:53:42, 37350, start_block_data_process, 4.196e-05, 90.9, 7278847, band, EVI
2022-10-10 17:53:42, 37350, end_block_data_process, 0.002203, 90.9, 7278847, band, EVI
2022-10-10 17:53:42, 37350, start_block_data_process, 5.293e-05, 90.9, 7278847, process, cloud-impute-filter
2022-10-10 17:53:42, 37350, end_block_data_process, 0.003409, 90.9, 7278847, band, EVI
2022-10-10 17:53:42, 37350, start_block_data_classification, 0.002134, 90.3, 7278847, model, rfor_model
2022-10-10 17:53:42, 37350, end_block_data_classification, 0.07318, 88.2, 7278847, model, rfor_model
2022-10-10 17:53:42, 37350, start_block_data_save, 0.0001729, 88.2, 7278847, file, ./.sits/TERRA_MODIS_012010_2013-09-14_2014-08-29_probs_v1_block_521_1.tif
2022-10-10 17:53:42, 37350, end_block_data_save, 0.06828, 88.3, 7278847, file, ./.sits/TERRA_MODIS_012010_2013-09-14_2014-08-29_probs_v1_block_521_1.tif
2022-10-10 17:53:43, 37350, start_block_data_read, 0.1161, 90.1, 7278847, band, CLOUD
2022-10-10 17:53:43, 37350, end_block_data_read, 0.06585, 91.6, 7278847, band, CLOUD
2022-10-10 17:53:43, 37350, start_block_data_process, 3.91e-05, 91.5, 7278847, band, CLOUD
2022-10-10 17:53:43, 37350, end_block_data_process, 0.0001988, 91.5, 7278847, band, CLOUD
2022-10-10 17:53:43, 37350, start_block_data_process, 3.886e-05, 91.5, 7278847, cloud_mask, cloud_mask
2022-10-10 17:53:43, 37350, end_block_data_process, 0.004497, 90.8, 7278847, cloud_bit_mask, 0
2022-10-10 17:53:43, 37350, start_block_data_read, 0.0009918, 90.8, 7278847, band, NDVI
2022-10-10 17:53:43, 37350, end_block_data_read, 0.06648, 92.2, 7278847, band, NDVI
2022-10-10 17:53:43, 37350, start_block_data_process, 4.292e-05, 92.1, 7278847, band, NDVI
2022-10-10 17:53:44, 37350, end_block_data_process, 0.002436, 92.1, 7278847, band, NDVI
2022-10-10 17:53:44, 37350, start_block_data_process, 5.198e-05, 92.1, 7278847, process, cloud-impute-filter
2022-10-10 17:53:44, 37350, end_block_data_process, 0.003753, 89.6, 7278847, band, NDVI
2022-10-10 17:53:44, 37350, start_block_data_read, 0.0009551, 89.6, 7278847, band, EVI
2022-10-10 17:53:44, 37350, end_block_data_read, 0.06496, 90.9, 7278847, band, EVI
2022-10-10 17:53:44, 37350, start_block_data_process, 3.886e-05, 90.9, 7278847, band, EVI
2022-10-10 17:53:44, 37350, end_block_data_process, 0.00196, 90.9, 7278847, band, EVI
2022-10-10 17:53:44, 37350, start_block_data_process, 6.7e-05, 90.9, 7278847, process, cloud-impute-filter
2022-10-10 17:53:44, 37350, end_block_data_process, 0.003434, 90.9, 7278847, band, EVI
2022-10-10 17:53:44, 37350, start_block_data_classification, 0.002068, 90.3, 7278847, model, rfor_model
2022-10-10 17:53:45, 37350, end_block_data_classification, 0.07314, 88.2, 7278847, model, rfor_model
2022-10-10 17:53:45, 37350, start_block_data_save, 0.000253, 88.2, 7278847, file, ./.sits/TERRA_MODIS_012010_2013-09-14_2014-08-29_probs_v1_block_537_1.tif
2022-10-10 17:53:45, 37350, end_block_data_save, 0.06565, 88.3, 7278847, file, ./.sits/TERRA_MODIS_012010_2013-09-14_2014-08-29_probs_v1_block_537_1.tif
